{"logTime": "1024/024029", "correlationVector":"M7t8kvh06aDeK7c2meNyFW.153","action":"GetUpdates", "result":"DeleteReceived", "context":{"id":"665c8dcf-1e3b-4e43-822f-76a50673dbda", "isDeleted:":"true", "version":"1697623050907"}}
{"logTime": "1024/024029", "correlationVector":"M7t8kvh06aDeK7c2meNyFW.154","action":"GetUpdates", "result":"DeleteReceived", "context":{"id":"fbcd6e2a-7d0c-4788-ae9a-85da80c89709", "isDeleted:":"true", "version":"1697623050908"}}
{"logTime": "1024/024029", "correlationVector":"M7t8kvh06aDeK7c2meNyFW.155","action":"GetUpdates", "result":"DeleteReceived", "context":{"id":"c6a01ba8-5589-4c1b-a05b-bcaee2301e04", "isDeleted:":"true", "version":"1697625021456"}}
{"logTime": "1024/024029", "correlationVector":"M7t8kvh06aDeK7c2meNyFW.156","action":"GetUpdates", "result":"DeleteReceived", "context":{"id":"a53d2bda-4d56-43dc-81a8-09f8c09968f0", "isDeleted:":"true", "version":"1697625021460"}}
{"logTime": "1024/024029", "correlationVector":"M7t8kvh06aDeK7c2meNyFW.157","action":"GetUpdates", "result":"DeleteReceived", "context":{"id":"66f65518-105f-4ba7-9334-46253653a418", "isDeleted:":"true", "version":"1697625461721"}}
{"logTime": "1024/024029", "correlationVector":"M7t8kvh06aDeK7c2meNyFW.158","action":"GetUpdates", "result":"DeleteReceived", "context":{"id":"38ec33b8-e3e5-40bd-b906-65867ffdc011", "isDeleted:":"true", "version":"1697625750658"}}
{"logTime": "1024/024029", "correlationVector":"M7t8kvh06aDeK7c2meNyFW.159","action":"GetUpdates", "result":"DeleteReceived", "context":{"id":"ed009623-565b-4b5c-8dc9-78c32ec126f7", "isDeleted:":"true", "version":"1697625750659"}}
{"logTime": "1024/024029", "correlationVector":"M7t8kvh06aDeK7c2meNyFW.160","action":"GetUpdates", "result":"DeleteReceived", "context":{"id":"c857efd8-9ed3-4481-956c-ced6fe74e6fe", "isDeleted:":"true", "version":"1697625750662"}}
{"logTime": "1024/024029", "correlationVector":"M7t8kvh06aDeK7c2meNyFW.161","action":"GetUpdates", "result":"DeleteReceived", "context":{"id":"720bc348-a1a2-4665-8654-3da51530ee33", "isDeleted:":"true", "version":"1697627330071"}}
{"logTime": "1024/024029", "correlationVector":"M7t8kvh06aDeK7c2meNyFW.162","action":"GetUpdates", "result":"DeleteReceived", "context":{"id":"52fac8a5-648d-41e4-a442-5dc78a40b017", "isDeleted:":"true", "version":"1697627330074"}}
{"logTime": "1024/024029", "correlationVector":"M7t8kvh06aDeK7c2meNyFW.163","action":"GetUpdates", "result":"DeleteReceived", "context":{"id":"abef7557-494c-4b12-b129-e0cf81b81222", "isDeleted:":"true", "version":"1697627461422"}}
{"logTime": "1024/024029", "correlationVector":"M7t8kvh06aDeK7c2meNyFW.164","action":"GetUpdates", "result":"DeleteReceived", "context":{"id":"2d9e2aae-c673-40e9-804b-d158ee608249", "isDeleted:":"true", "version":"1697633194774"}}
{"logTime": "1024/024029", "correlationVector":"M7t8kvh06aDeK7c2meNyFW.165","action":"GetUpdates", "result":"DeleteReceived", "context":{"id":"ef15ba80-ea42-4c99-8273-c535d51809a6", "isDeleted:":"true", "version":"1697681171463"}}
{"logTime": "1024/024029", "correlationVector":"M7t8kvh06aDeK7c2meNyFW.166","action":"GetUpdates", "result":"DeleteReceived", "context":{"id":"bb2aa58c-8167-4852-9cb3-65e81c59777e", "isDeleted:":"true", "version":"1697682077521"}}
{"logTime": "1024/024029", "correlationVector":"M7t8kvh06aDeK7c2meNyFW.167","action":"GetUpdates", "result":"DeleteReceived", "context":{"id":"117b3717-e124-4e83-a701-631375c7a998", "isDeleted:":"true", "version":"1697682077522"}}
{"logTime": "1024/024029", "correlationVector":"M7t8kvh06aDeK7c2meNyFW.168","action":"GetUpdates", "result":"DeleteReceived", "context":{"id":"4026b9eb-865e-401c-8299-430d30de95b5", "isDeleted:":"true", "version":"1697682077523"}}
{"logTime": "1024/024029", "correlationVector":"M7t8kvh06aDeK7c2meNyFW.169","action":"GetUpdates", "result":"DeleteReceived", "context":{"id":"02a05b0b-c549-434f-bf5d-137fba365553", "isDeleted:":"true", "version":"1697682077524"}}
{"logTime": "1024/024029", "correlationVector":"M7t8kvh06aDeK7c2meNyFW.170","action":"GetUpdates", "result":"DeleteReceived", "context":{"id":"c8eedd99-d090-405a-aef8-750bfcb6e646", "isDeleted:":"true", "version":"1697682077527"}}
{"logTime": "1024/024029", "correlationVector":"M7t8kvh06aDeK7c2meNyFW.171","action":"GetUpdates", "result":"DeleteReceived", "context":{"id":"dadca786-4da3-4cbd-867b-145ce9859f65", "isDeleted:":"true", "version":"1697685092496"}}
{"logTime": "1024/024029", "correlationVector":"M7t8kvh06aDeK7c2meNyFW.172","action":"GetUpdates", "result":"DeleteReceived", "context":{"id":"29e2451e-57d9-4b32-8c84-baaa03a9f278", "isDeleted:":"true", "version":"1697685092497"}}
{"logTime": "1024/024029", "correlationVector":"M7t8kvh06aDeK7c2meNyFW.173","action":"GetUpdates", "result":"DeleteReceived", "context":{"id":"6e9bfdab-be86-4a34-8a9f-393f0ae0b3c5", "isDeleted:":"true", "version":"1697685092501"}}
{"logTime": "1024/024029", "correlationVector":"M7t8kvh06aDeK7c2meNyFW.174","action":"GetUpdates", "result":"DeleteReceived", "context":{"id":"657be123-2035-4e2c-88c0-a7e3e7df4d82", "isDeleted:":"true", "version":"1697686240893"}}
{"logTime": "1024/024029", "correlationVector":"M7t8kvh06aDeK7c2meNyFW.175","action":"GetUpdates", "result":"DeleteReceived", "context":{"id":"abfa5459-43e8-4ff6-9b8e-73561bf90813", "isDeleted:":"true", "version":"1697686899862"}}
{"logTime": "1024/024029", "correlationVector":"M7t8kvh06aDeK7c2meNyFW.176","action":"GetUpdates", "result":"DeleteReceived", "context":{"id":"af10de8e-4376-45b0-a1da-5b774c3f3601", "isDeleted:":"true", "version":"1697695242825"}}
{"logTime": "1024/024029", "correlationVector":"M7t8kvh06aDeK7c2meNyFW.177","action":"GetUpdates", "result":"DeleteReceived", "context":{"id":"8e628cb8-7b72-4ca9-9d5c-5156ddb40644", "isDeleted:":"true", "version":"1697695388273"}}
{"logTime": "1024/024029", "correlationVector":"M7t8kvh06aDeK7c2meNyFW.178","action":"GetUpdates", "result":"DeleteReceived", "context":{"id":"5cf8df57-920f-4a16-84ad-7e74546e2f7d", "isDeleted:":"true", "version":"1697695419593"}}
{"logTime": "1024/024029", "correlationVector":"M7t8kvh06aDeK7c2meNyFW.179","action":"GetUpdates", "result":"DeleteReceived", "context":{"id":"a95f4122-f5d6-48d0-a883-f1e2a0571ee1", "isDeleted:":"true", "version":"1697706651260"}}
{"logTime": "1024/024029", "correlationVector":"M7t8kvh06aDeK7c2meNyFW.180","action":"GetUpdates", "result":"DeleteReceived", "context":{"id":"21054b78-3fac-4a0b-8405-6e9c9f90fe5a", "isDeleted:":"true", "version":"1697706651262"}}
{"logTime": "1024/024029", "correlationVector":"M7t8kvh06aDeK7c2meNyFW.181","action":"GetUpdates", "result":"DeleteReceived", "context":{"id":"8e606b9b-0384-47af-b36a-36a01ed3b021", "isDeleted:":"true", "version":"1697706729126"}}
{"logTime": "1024/024029", "correlationVector":"M7t8kvh06aDeK7c2meNyFW.182","action":"GetUpdates", "result":"DeleteReceived", "context":{"id":"a55012f8-1601-4d9f-9feb-a3ce77ce8106", "isDeleted:":"true", "version":"1697706729127"}}
{"logTime": "1024/024029", "correlationVector":"M7t8kvh06aDeK7c2meNyFW.183","action":"GetUpdates", "result":"DeleteReceived", "context":{"id":"99411c83-6560-42a3-a419-9fdb623415e7", "isDeleted:":"true", "version":"1697707188994"}}
{"logTime": "1024/024029", "correlationVector":"M7t8kvh06aDeK7c2meNyFW.184","action":"GetUpdates", "result":"DeleteReceived", "context":{"id":"b7700e51-ce9f-42c1-a607-fcae005660aa", "isDeleted:":"true", "version":"1697707188995"}}
{"logTime": "1024/024029", "correlationVector":"M7t8kvh06aDeK7c2meNyFW.185","action":"GetUpdates", "result":"DeleteReceived", "context":{"id":"527a238f-df44-4943-8e32-50a0981f8084", "isDeleted:":"true", "version":"1697707188996"}}
{"logTime": "1024/024029", "correlationVector":"M7t8kvh06aDeK7c2meNyFW.186","action":"GetUpdates", "result":"DeleteReceived", "context":{"id":"554408cf-f9f4-41ad-ab1e-0f200874c0c6", "isDeleted:":"true", "version":"1697707536795"}}
{"logTime": "1024/024029", "correlationVector":"M7t8kvh06aDeK7c2meNyFW.187","action":"GetUpdates", "result":"DeleteReceived", "context":{"id":"7e7641bb-511f-4054-a197-fa6283340b53", "isDeleted:":"true", "version":"1697707640022"}}
{"logTime": "1024/024029", "correlationVector":"M7t8kvh06aDeK7c2meNyFW.188","action":"GetUpdates", "result":"DeleteReceived", "context":{"id":"e1c5fee6-97f1-42ca-a895-e77075c5cacc", "isDeleted:":"true", "version":"1697707640023"}}
{"logTime": "1024/024029", "correlationVector":"M7t8kvh06aDeK7c2meNyFW.189","action":"GetUpdates", "result":"DeleteReceived", "context":{"id":"3390ace0-19e7-4a36-819d-2092b3e10ec9", "isDeleted:":"true", "version":"1697709869255"}}
{"logTime": "1024/024029", "correlationVector":"M7t8kvh06aDeK7c2meNyFW.190","action":"GetUpdates", "result":"DeleteReceived", "context":{"id":"3f764484-008d-4eea-9292-64e6ea00d996", "isDeleted:":"true", "version":"1697710870749"}}
{"logTime": "1024/024029", "correlationVector":"M7t8kvh06aDeK7c2meNyFW.191","action":"GetUpdates", "result":"DeleteReceived", "context":{"id":"cad17b3b-06d4-47d3-a908-d38b59766f95", "isDeleted:":"true", "version":"1697767487891"}}
{"logTime": "1024/024029", "correlationVector":"M7t8kvh06aDeK7c2meNyFW.192","action":"GetUpdates", "result":"DeleteReceived", "context":{"id":"cfd22d2e-5afb-4075-8237-7ea14a84e825", "isDeleted:":"true", "version":"1697768535075"}}
{"logTime": "1024/024029", "correlationVector":"M7t8kvh06aDeK7c2meNyFW.193","action":"GetUpdates", "result":"DeleteReceived", "context":{"id":"b5211922-ead1-4b37-bdce-4010df39785b", "isDeleted:":"true", "version":"1697768535076"}}
{"logTime": "1024/024029", "correlationVector":"M7t8kvh06aDeK7c2meNyFW.194","action":"GetUpdates", "result":"DeleteReceived", "context":{"id":"8703038a-4979-451f-9122-407097b52ee9", "isDeleted:":"true", "version":"1697769656756"}}
{"logTime": "1024/024029", "correlationVector":"M7t8kvh06aDeK7c2meNyFW.195","action":"GetUpdates", "result":"DeleteReceived", "context":{"id":"c3bbede8-6155-41f0-845b-ff73b32e1be1", "isDeleted:":"true", "version":"1697770092373"}}
{"logTime": "1024/024029", "correlationVector":"M7t8kvh06aDeK7c2meNyFW.196","action":"GetUpdates", "result":"DeleteReceived", "context":{"id":"e22f7ade-5aad-4d00-8195-d90788858c50", "isDeleted:":"true", "version":"1697770178796"}}
{"logTime": "1024/024029", "correlationVector":"M7t8kvh06aDeK7c2meNyFW.197","action":"GetUpdates", "result":"DeleteReceived", "context":{"id":"fac37bb5-6e00-402f-a86c-06f86271b3e5", "isDeleted:":"true", "version":"1697770305359"}}
{"logTime": "1024/024029", "correlationVector":"M7t8kvh06aDeK7c2meNyFW.198","action":"GetUpdates", "result":"DeleteReceived", "context":{"id":"ef226c16-99ad-4533-acae-82d044457aae", "isDeleted:":"true", "version":"1697770347109"}}
{"logTime": "1024/024029", "correlationVector":"M7t8kvh06aDeK7c2meNyFW.199","action":"GetUpdates", "result":"DeleteReceived", "context":{"id":"d909dd7c-0b4c-4d25-bd5b-e818c41038b3", "isDeleted:":"true", "version":"1697770547630"}}
{"logTime": "1024/024029", "correlationVector":"M7t8kvh06aDeK7c2meNyFW.200","action":"GetUpdates", "result":"DeleteReceived", "context":{"id":"bee2606b-56e0-46f7-bc0a-1458f9c0ad8b", "isDeleted:":"true", "version":"1697770634087"}}
{"logTime": "1024/024029", "correlationVector":"M7t8kvh06aDeK7c2meNyFW.201","action":"GetUpdates", "result":"DeleteReceived", "context":{"id":"004c01b5-426a-40be-95d9-5d2d6fa892e4", "isDeleted:":"true", "version":"1697770637329"}}
{"logTime": "1024/024029", "correlationVector":"M7t8kvh06aDeK7c2meNyFW.202","action":"GetUpdates", "result":"DeleteReceived", "context":{"id":"f35bb960-8a70-4d9d-8394-49fbbf5a5db6", "isDeleted:":"true", "version":"1697770892269"}}
{"logTime": "1024/024029", "correlationVector":"M7t8kvh06aDeK7c2meNyFW.203","action":"GetUpdates", "result":"DeleteReceived", "context":{"id":"86cb02b3-c478-45e1-a2ac-9014fd6b5193", "isDeleted:":"true", "version":"1697770892270"}}
{"logTime": "1024/024029", "correlationVector":"M7t8kvh06aDeK7c2meNyFW.204","action":"GetUpdates", "result":"DeleteReceived", "context":{"id":"3585f232-44c0-4cec-a538-3c4ca58a79f7", "isDeleted:":"true", "version":"1697770983752"}}
{"logTime": "1024/024029", "correlationVector":"M7t8kvh06aDeK7c2meNyFW.205","action":"GetUpdates", "result":"DeleteReceived", "context":{"id":"7f9f6148-4928-48b9-ac8c-f0a00b0534e0", "isDeleted:":"true", "version":"1697771046971"}}
{"logTime": "1024/024029", "correlationVector":"M7t8kvh06aDeK7c2meNyFW.206","action":"GetUpdates", "result":"DeleteReceived", "context":{"id":"86298da0-d1ed-48f5-a135-4c639b276960", "isDeleted:":"true", "version":"1697771080120"}}
{"logTime": "1024/024029", "correlationVector":"M7t8kvh06aDeK7c2meNyFW.207","action":"GetUpdates", "result":"DeleteReceived", "context":{"id":"80d4a34f-2ecf-4b81-bcfd-93758c9160bd", "isDeleted:":"true", "version":"1697771080121"}}
{"logTime": "1024/024029", "correlationVector":"M7t8kvh06aDeK7c2meNyFW.208","action":"GetUpdates", "result":"DeleteReceived", "context":{"id":"d010cc8c-ae0f-4451-897c-7dda393a6e17", "isDeleted:":"true", "version":"1697772413961"}}
{"logTime": "1024/024029", "correlationVector":"M7t8kvh06aDeK7c2meNyFW.209","action":"GetUpdates", "result":"DeleteReceived", "context":{"id":"b89ed5e2-5824-4d24-9657-c3ed0dcd871e", "isDeleted:":"true", "version":"1697772413962"}}
{"logTime": "1024/024029", "correlationVector":"M7t8kvh06aDeK7c2meNyFW.210","action":"GetUpdates", "result":"DeleteReceived", "context":{"id":"c5920ea5-cb3d-4b05-8935-99731cb918a9", "isDeleted:":"true", "version":"1697772413963"}}
{"logTime": "1024/024029", "correlationVector":"M7t8kvh06aDeK7c2meNyFW.211","action":"GetUpdates", "result":"DeleteReceived", "context":{"id":"decb0594-61f8-40d2-9d89-18a9c37eed39", "isDeleted:":"true", "version":"1697772413964"}}
{"logTime": "1024/024029", "correlationVector":"M7t8kvh06aDeK7c2meNyFW.212","action":"GetUpdates", "result":"DeleteReceived", "context":{"id":"7e0dd073-4fb2-42a2-a90c-9ec4ee2fa8a9", "isDeleted:":"true", "version":"1697772413965"}}
{"logTime": "1024/024029", "correlationVector":"M7t8kvh06aDeK7c2meNyFW.213","action":"GetUpdates", "result":"DeleteReceived", "context":{"id":"dde0376b-09fe-40ec-9a7a-4b454d578c9e", "isDeleted:":"true", "version":"1697772413966"}}
{"logTime": "1024/024029", "correlationVector":"M7t8kvh06aDeK7c2meNyFW.214","action":"GetUpdates", "result":"DeleteReceived", "context":{"id":"3d2eb106-b007-4753-a13b-29389df5cf05", "isDeleted:":"true", "version":"1697772413967"}}
{"logTime": "1024/024029", "correlationVector":"M7t8kvh06aDeK7c2meNyFW.215","action":"GetUpdates", "result":"DeleteReceived", "context":{"id":"8ca2b6c8-90ec-4e69-9cd8-5746940d1f64", "isDeleted:":"true", "version":"1697772413968"}}
{"logTime": "1024/024029", "correlationVector":"M7t8kvh06aDeK7c2meNyFW.216","action":"GetUpdates", "result":"DeleteReceived", "context":{"id":"9e7d723a-65b5-4ba2-8c01-31de2bfee303", "isDeleted:":"true", "version":"1697772413969"}}
{"logTime": "1024/024029", "correlationVector":"M7t8kvh06aDeK7c2meNyFW.217","action":"GetUpdates", "result":"DeleteReceived", "context":{"id":"3efe149f-b596-429a-b313-4dddb80112db", "isDeleted:":"true", "version":"1697772413970"}}
{"logTime": "1024/024029", "correlationVector":"M7t8kvh06aDeK7c2meNyFW.218","action":"GetUpdates", "result":"DeleteReceived", "context":{"id":"e45f5440-ebc9-41a1-ad29-4acb43d89cab", "isDeleted:":"true", "version":"1697772413971"}}
{"logTime": "1024/024029", "correlationVector":"M7t8kvh06aDeK7c2meNyFW.219","action":"GetUpdates", "result":"DeleteReceived", "context":{"id":"326d9d02-d011-4c7a-bcc6-da46fbc65a84", "isDeleted:":"true", "version":"1697772413972"}}
{"logTime": "1024/024029", "correlationVector":"M7t8kvh06aDeK7c2meNyFW.220","action":"GetUpdates", "result":"DeleteReceived", "context":{"id":"aaf82a25-2d97-441f-9937-d518e7933de4", "isDeleted:":"true", "version":"1697772413974"}}
{"logTime": "1024/024029", "correlationVector":"M7t8kvh06aDeK7c2meNyFW.221","action":"GetUpdates", "result":"DeleteReceived", "context":{"id":"6d73e42b-0c9e-4307-accf-3d0ab7d3208c", "isDeleted:":"true", "version":"1697772413975"}}
{"logTime": "1024/024029", "correlationVector":"M7t8kvh06aDeK7c2meNyFW.222","action":"GetUpdates", "result":"DeleteReceived", "context":{"id":"b5f0542b-9157-4a44-a1e4-dacc96545f67", "isDeleted:":"true", "version":"1697772413977"}}
{"logTime": "1024/024029", "correlationVector":"M7t8kvh06aDeK7c2meNyFW.223","action":"GetUpdates", "result":"DeleteReceived", "context":{"id":"e7411838-7884-4561-ab2d-6c3d648bf238", "isDeleted:":"true", "version":"1697772413978"}}
{"logTime": "1024/024029", "correlationVector":"M7t8kvh06aDeK7c2meNyFW.224","action":"GetUpdates", "result":"DeleteReceived", "context":{"id":"cdd44df4-b6a6-4199-9779-224526052b78", "isDeleted:":"true", "version":"1697772413979"}}
{"logTime": "1024/024029", "correlationVector":"M7t8kvh06aDeK7c2meNyFW.225","action":"GetUpdates", "result":"DeleteReceived", "context":{"id":"74670ebc-3f46-417d-883a-024376cd12a3", "isDeleted:":"true", "version":"1697772413980"}}
{"logTime": "1024/024029", "correlationVector":"M7t8kvh06aDeK7c2meNyFW.226","action":"GetUpdates", "result":"DeleteReceived", "context":{"id":"0054708b-9f15-4aef-b16e-6ff1221d26f9", "isDeleted:":"true", "version":"1697772415429"}}
{"logTime": "1024/024029", "correlationVector":"M7t8kvh06aDeK7c2meNyFW.227","action":"GetUpdates", "result":"DeleteReceived", "context":{"id":"1676759f-2628-452f-8585-4a6e7e5b1d68", "isDeleted:":"true", "version":"1697772415431"}}
{"logTime": "1024/024029", "correlationVector":"M7t8kvh06aDeK7c2meNyFW.228","action":"GetUpdates", "result":"DeleteReceived", "context":{"id":"79699ffb-7f89-4d1d-af3a-deb5465645bf", "isDeleted:":"true", "version":"1697772415432"}}
{"logTime": "1024/024029", "correlationVector":"M7t8kvh06aDeK7c2meNyFW.229","action":"GetUpdates", "result":"DeleteReceived", "context":{"id":"c2a0fe85-78fd-414a-bde1-4a47287495e4", "isDeleted:":"true", "version":"1697772415433"}}
{"logTime": "1024/024029", "correlationVector":"M7t8kvh06aDeK7c2meNyFW.230","action":"GetUpdates", "result":"DeleteReceived", "context":{"id":"4cbf1105-2ee1-4ef1-8a5d-0353a22625ef", "isDeleted:":"true", "version":"1697772415434"}}
{"logTime": "1024/024029", "correlationVector":"M7t8kvh06aDeK7c2meNyFW.231","action":"GetUpdates", "result":"DeleteReceived", "context":{"id":"122054b6-e60d-45e2-8f48-e4dcfd043c18", "isDeleted:":"true", "version":"1697772415436"}}
{"logTime": "1024/024029", "correlationVector":"M7t8kvh06aDeK7c2meNyFW.232","action":"GetUpdates", "result":"DeleteReceived", "context":{"id":"41a40f2a-7fee-4864-808a-ee85171fad74", "isDeleted:":"true", "version":"1697772415437"}}
{"logTime": "1024/024029", "correlationVector":"M7t8kvh06aDeK7c2meNyFW.233","action":"GetUpdates", "result":"DeleteReceived", "context":{"id":"24013f19-6bda-44e2-87c9-24947a97b0d6", "isDeleted:":"true", "version":"1697772415438"}}
{"logTime": "1024/024029", "correlationVector":"M7t8kvh06aDeK7c2meNyFW.234","action":"GetUpdates", "result":"DeleteReceived", "context":{"id":"b1ab3970-d9cf-4dbf-b5e3-f29ce6b38e2f", "isDeleted:":"true", "version":"1697772415439"}}
{"logTime": "1024/024029", "correlationVector":"M7t8kvh06aDeK7c2meNyFW.235","action":"GetUpdates Response", "result":"SERVER_MORE_TO_DOWNLOAD", "context":Received 250 update(s).  Some updates remain.}
{"logTime": "1024/024029", "correlationVector":"l9ptl6hobt+MMzM9ujfzXy","action":"Initial GetUpdates", "result":"", "context":Reason: NEWLY_SUPPORTED_DATATYPE. cV=l9ptl6hobt+MMzM9ujfzXy}
{"logTime": "1024/024030", "correlationVector":"l9ptl6hobt+MMzM9ujfzXy.1","action":"SyncServerConnectionManagerRequest", "result":"SYNC_SERVER_OK", "context":{"environment":"Prod_EastAsia_000d", "migrationStage":"NotStarted", "server":"GENERAL0100000A"}}
{"logTime": "1024/024030", "correlationVector":"l9ptl6hobt+MMzM9ujfzXy.2","action":"GetUpdates", "result":"DeleteReceived", "context":{"id":"1379f789-8fb1-40d1-9125-d663d5f4380c", "isDeleted:":"true", "version":"1697772415440"}}
{"logTime": "1024/024030", "correlationVector":"l9ptl6hobt+MMzM9ujfzXy.3","action":"GetUpdates", "result":"DeleteReceived", "context":{"id":"c7202594-d652-44d6-9ce9-1bbea45aa918", "isDeleted:":"true", "version":"1697772415441"}}
{"logTime": "1024/024030", "correlationVector":"l9ptl6hobt+MMzM9ujfzXy.4","action":"GetUpdates", "result":"DeleteReceived", "context":{"id":"d2ed1dd9-f6d6-4695-bf88-c8312881655f", "isDeleted:":"true", "version":"1697772415442"}}
{"logTime": "1024/024030", "correlationVector":"l9ptl6hobt+MMzM9ujfzXy.5","action":"GetUpdates", "result":"DeleteReceived", "context":{"id":"e49457a0-db24-4818-a6ce-d4d5fdf0e3fa", "isDeleted:":"true", "version":"1697772415443"}}
{"logTime": "1024/024030", "correlationVector":"l9ptl6hobt+MMzM9ujfzXy.6","action":"GetUpdates", "result":"DeleteReceived", "context":{"id":"0df26737-aeee-4bc0-9ff9-b06503c9b28b", "isDeleted:":"true", "version":"1697772415444"}}
{"logTime": "1024/024030", "correlationVector":"l9ptl6hobt+MMzM9ujfzXy.7","action":"GetUpdates", "result":"DeleteReceived", "context":{"id":"d9ec41ff-6c90-468f-8aaf-26fedf4d8250", "isDeleted:":"true", "version":"1697772415445"}}
{"logTime": "1024/024030", "correlationVector":"l9ptl6hobt+MMzM9ujfzXy.8","action":"GetUpdates", "result":"DeleteReceived", "context":{"id":"578fad75-76bf-4458-9215-f56f5a88c6c8", "isDeleted:":"true", "version":"1697772415446"}}
{"logTime": "1024/024030", "correlationVector":"l9ptl6hobt+MMzM9ujfzXy.9","action":"GetUpdates", "result":"DeleteReceived", "context":{"id":"d3795451-ed1b-4b66-9f98-c069557068dc", "isDeleted:":"true", "version":"1697772415447"}}
{"logTime": "1024/024030", "correlationVector":"l9ptl6hobt+MMzM9ujfzXy.10","action":"GetUpdates", "result":"DeleteReceived", "context":{"id":"e485c3ee-51b9-449c-9c09-c77a69a3baf6", "isDeleted:":"true", "version":"1697772416651"}}
{"logTime": "1024/024030", "correlationVector":"l9ptl6hobt+MMzM9ujfzXy.11","action":"GetUpdates", "result":"DeleteReceived", "context":{"id":"ca00a717-8dcb-4446-939c-62ce9337fcfe", "isDeleted:":"true", "version":"1697772448585"}}
{"logTime": "1024/024030", "correlationVector":"l9ptl6hobt+MMzM9ujfzXy.12","action":"GetUpdates", "result":"DeleteReceived", "context":{"id":"93f6fed9-5aeb-4947-8685-8c81ae0d10fd", "isDeleted:":"true", "version":"1697772448587"}}
{"logTime": "1024/024030", "correlationVector":"l9ptl6hobt+MMzM9ujfzXy.13","action":"GetUpdates", "result":"DeleteReceived", "context":{"id":"cc28beda-4138-44c3-85a0-ff72b597ae29", "isDeleted:":"true", "version":"1697772541029"}}
{"logTime": "1024/024030", "correlationVector":"l9ptl6hobt+MMzM9ujfzXy.14","action":"GetUpdates", "result":"DeleteReceived", "context":{"id":"610564c7-5ff8-401c-9f5c-21c76a54c1f8", "isDeleted:":"true", "version":"1697772541030"}}
{"logTime": "1024/024030", "correlationVector":"l9ptl6hobt+MMzM9ujfzXy.15","action":"GetUpdates", "result":"DeleteReceived", "context":{"id":"6722c68a-ecd0-4472-80d4-1d0e0981059b", "isDeleted:":"true", "version":"1697773030008"}}
{"logTime": "1024/024030", "correlationVector":"l9ptl6hobt+MMzM9ujfzXy.16","action":"GetUpdates", "result":"DeleteReceived", "context":{"id":"669c368a-7ea1-4026-9938-73a8e6ce5504", "isDeleted:":"true", "version":"1697773412841"}}
{"logTime": "1024/024030", "correlationVector":"l9ptl6hobt+MMzM9ujfzXy.17","action":"GetUpdates", "result":"DeleteReceived", "context":{"id":"6849f47e-35cf-42e2-b3c2-08038d7c762f", "isDeleted:":"true", "version":"1697773412842"}}
{"logTime": "1024/024030", "correlationVector":"l9ptl6hobt+MMzM9ujfzXy.18","action":"GetUpdates", "result":"DeleteReceived", "context":{"id":"c3067f86-65b9-4cd4-9974-433773f7bfc8", "isDeleted:":"true", "version":"1697773693124"}}
{"logTime": "1024/024030", "correlationVector":"l9ptl6hobt+MMzM9ujfzXy.19","action":"GetUpdates", "result":"DeleteReceived", "context":{"id":"9e85e79b-3954-4d06-b542-f9a8e295315a", "isDeleted:":"true", "version":"1697774857302"}}
{"logTime": "1024/024030", "correlationVector":"l9ptl6hobt+MMzM9ujfzXy.20","action":"GetUpdates", "result":"DeleteReceived", "context":{"id":"bb1e8aaa-48a9-42e8-a6b2-244dedd0a6eb", "isDeleted:":"true", "version":"1697774857304"}}
{"logTime": "1024/024030", "correlationVector":"l9ptl6hobt+MMzM9ujfzXy.21","action":"GetUpdates", "result":"DeleteReceived", "context":{"id":"372952bc-5846-4e66-84a7-b43d9fb65e58", "isDeleted:":"true", "version":"1697775430760"}}
{"logTime": "1024/024030", "correlationVector":"l9ptl6hobt+MMzM9ujfzXy.22","action":"GetUpdates", "result":"DeleteReceived", "context":{"id":"8566b97e-9faf-4a78-afce-2bf15a7e4edf", "isDeleted:":"true", "version":"1697775519949"}}
{"logTime": "1024/024030", "correlationVector":"l9ptl6hobt+MMzM9ujfzXy.23","action":"GetUpdates", "result":"DeleteReceived", "context":{"id":"6a15e9ec-4a1e-46d7-a501-fd1b122e254e", "isDeleted:":"true", "version":"1697782658140"}}
{"logTime": "1024/024030", "correlationVector":"l9ptl6hobt+MMzM9ujfzXy.24","action":"GetUpdates", "result":"DeleteReceived", "context":{"id":"d353188b-8c8f-416d-9008-8cb59b826465", "isDeleted:":"true", "version":"1697782991470"}}
{"logTime": "1024/024030", "correlationVector":"l9ptl6hobt+MMzM9ujfzXy.25","action":"GetUpdates", "result":"DeleteReceived", "context":{"id":"613babce-d5af-4cd6-a0d0-24b2cdbb27dc", "isDeleted:":"true", "version":"1697782991474"}}
{"logTime": "1024/024030", "correlationVector":"l9ptl6hobt+MMzM9ujfzXy.26","action":"GetUpdates", "result":"DeleteReceived", "context":{"id":"035dbab0-39a6-4fee-a58c-56887961b32f", "isDeleted:":"true", "version":"1697783608822"}}
{"logTime": "1024/024030", "correlationVector":"l9ptl6hobt+MMzM9ujfzXy.27","action":"GetUpdates", "result":"DeleteReceived", "context":{"id":"177bfa1f-a3b6-42f2-8ff9-4b1fce0abd54", "isDeleted:":"true", "version":"1697784338849"}}
{"logTime": "1024/024030", "correlationVector":"l9ptl6hobt+MMzM9ujfzXy.28","action":"GetUpdates", "result":"DeleteReceived", "context":{"id":"a5dd87d1-230f-4612-93b3-1e63fa0ad48d", "isDeleted:":"true", "version":"1697784418229"}}
{"logTime": "1024/024030", "correlationVector":"l9ptl6hobt+MMzM9ujfzXy.29","action":"GetUpdates", "result":"DeleteReceived", "context":{"id":"4efbfb56-d3a5-4759-b4bc-5080e069d87e", "isDeleted:":"true", "version":"1697784418231"}}
{"logTime": "1024/024030", "correlationVector":"l9ptl6hobt+MMzM9ujfzXy.30","action":"GetUpdates", "result":"DeleteReceived", "context":{"id":"d19f4848-a61e-4c40-8540-7d991a4dd989", "isDeleted:":"true", "version":"1697784450470"}}
{"logTime": "1024/024030", "correlationVector":"l9ptl6hobt+MMzM9ujfzXy.31","action":"GetUpdates", "result":"DeleteReceived", "context":{"id":"f65bfb49-b615-40c4-b3c2-fa33593dd24e", "isDeleted:":"true", "version":"1697784450472"}}
{"logTime": "1024/024030", "correlationVector":"l9ptl6hobt+MMzM9ujfzXy.32","action":"GetUpdates", "result":"DeleteReceived", "context":{"id":"1661feec-3155-40d2-91c7-7332d8c154cc", "isDeleted:":"true", "version":"1697784481058"}}
{"logTime": "1024/024030", "correlationVector":"l9ptl6hobt+MMzM9ujfzXy.33","action":"GetUpdates", "result":"DeleteReceived", "context":{"id":"2faf4e9c-6093-4702-9f8f-5d689b3f1fac", "isDeleted:":"true", "version":"1697784592806"}}
{"logTime": "1024/024030", "correlationVector":"l9ptl6hobt+MMzM9ujfzXy.34","action":"GetUpdates", "result":"DeleteReceived", "context":{"id":"3df23082-b2c1-4158-a27c-a07992a351b2", "isDeleted:":"true", "version":"1697784932462"}}
{"logTime": "1024/024030", "correlationVector":"l9ptl6hobt+MMzM9ujfzXy.35","action":"GetUpdates", "result":"DeleteReceived", "context":{"id":"7357db4a-a450-4430-8551-fcc5ed8fce81", "isDeleted:":"true", "version":"1697785673213"}}
{"logTime": "1024/024030", "correlationVector":"l9ptl6hobt+MMzM9ujfzXy.36","action":"GetUpdates", "result":"DeleteReceived", "context":{"id":"7bcec162-0f67-48f0-8c82-cd2954497f69", "isDeleted:":"true", "version":"1697785773646"}}
{"logTime": "1024/024030", "correlationVector":"l9ptl6hobt+MMzM9ujfzXy.37","action":"GetUpdates", "result":"DeleteReceived", "context":{"id":"686b7291-d184-4138-9462-5fee968d5979", "isDeleted:":"true", "version":"1697786591924"}}
{"logTime": "1024/024030", "correlationVector":"l9ptl6hobt+MMzM9ujfzXy.38","action":"GetUpdates", "result":"DeleteReceived", "context":{"id":"7fed1286-7ed5-4819-ae5b-1d3a4710209d", "isDeleted:":"true", "version":"1697786591925"}}
{"logTime": "1024/024030", "correlationVector":"l9ptl6hobt+MMzM9ujfzXy.39","action":"GetUpdates", "result":"DeleteReceived", "context":{"id":"aed8c8df-e118-474d-a9bb-3c48d4605b98", "isDeleted:":"true", "version":"1697786663517"}}
{"logTime": "1024/024030", "correlationVector":"l9ptl6hobt+MMzM9ujfzXy.40","action":"GetUpdates", "result":"DeleteReceived", "context":{"id":"a30a3b0b-2e41-4578-a684-fc0c8a2594c9", "isDeleted:":"true", "version":"1697786663518"}}
{"logTime": "1024/024030", "correlationVector":"l9ptl6hobt+MMzM9ujfzXy.41","action":"GetUpdates", "result":"DeleteReceived", "context":{"id":"d37f0ace-6398-490e-b860-bf63c46932cf", "isDeleted:":"true", "version":"1697786663520"}}
{"logTime": "1024/024030", "correlationVector":"l9ptl6hobt+MMzM9ujfzXy.42","action":"GetUpdates", "result":"DeleteReceived", "context":{"id":"b18b71d5-5bcf-4c5e-9314-b7cb43c07dfe", "isDeleted:":"true", "version":"1697786744043"}}
{"logTime": "1024/024030", "correlationVector":"l9ptl6hobt+MMzM9ujfzXy.43","action":"GetUpdates", "result":"DeleteReceived", "context":{"id":"68d47fc4-759a-4a30-9409-8ca83d1dfd9c", "isDeleted:":"true", "version":"1697786775411"}}
{"logTime": "1024/024030", "correlationVector":"l9ptl6hobt+MMzM9ujfzXy.44","action":"GetUpdates", "result":"DeleteReceived", "context":{"id":"e5d2b679-1f8e-4dd7-af28-cc3d0569a761", "isDeleted:":"true", "version":"1697786930580"}}
{"logTime": "1024/024030", "correlationVector":"l9ptl6hobt+MMzM9ujfzXy.45","action":"GetUpdates", "result":"DeleteReceived", "context":{"id":"b74ee99a-e544-4a9f-9043-aa0c1e5a0370", "isDeleted:":"true", "version":"1697787073706"}}
{"logTime": "1024/024030", "correlationVector":"l9ptl6hobt+MMzM9ujfzXy.46","action":"GetUpdates", "result":"DeleteReceived", "context":{"id":"a3f1c6d4-20c7-4ded-be2a-886f47759c35", "isDeleted:":"true", "version":"1697787288464"}}
{"logTime": "1024/024030", "correlationVector":"l9ptl6hobt+MMzM9ujfzXy.47","action":"GetUpdates", "result":"DeleteReceived", "context":{"id":"2beca36a-6dad-4549-a6de-cd86acc45511", "isDeleted:":"true", "version":"1697787288465"}}
{"logTime": "1024/024030", "correlationVector":"l9ptl6hobt+MMzM9ujfzXy.48","action":"GetUpdates", "result":"DeleteReceived", "context":{"id":"94406ab2-015b-460c-ac97-b734b2928d98", "isDeleted:":"true", "version":"1697787522836"}}
{"logTime": "1024/024030", "correlationVector":"l9ptl6hobt+MMzM9ujfzXy.49","action":"GetUpdates", "result":"DeleteReceived", "context":{"id":"7104d514-4a95-49f0-a9a0-03cf07c2b47f", "isDeleted:":"true", "version":"1697787522837"}}
{"logTime": "1024/024030", "correlationVector":"l9ptl6hobt+MMzM9ujfzXy.50","action":"GetUpdates", "result":"DeleteReceived", "context":{"id":"11998cdb-8252-46a9-8357-901c8a3f2a6f", "isDeleted:":"true", "version":"1697787522838"}}
{"logTime": "1024/024030", "correlationVector":"l9ptl6hobt+MMzM9ujfzXy.51","action":"GetUpdates", "result":"DeleteReceived", "context":{"id":"0c9add7c-818b-45d2-a15c-4dd276be305f", "isDeleted:":"true", "version":"1697787644588"}}
{"logTime": "1024/024030", "correlationVector":"l9ptl6hobt+MMzM9ujfzXy.52","action":"GetUpdates", "result":"DeleteReceived", "context":{"id":"35bfbe84-e7bd-4d33-9637-4ffd5115c857", "isDeleted:":"true", "version":"1697787805544"}}
{"logTime": "1024/024030", "correlationVector":"l9ptl6hobt+MMzM9ujfzXy.53","action":"GetUpdates", "result":"DeleteReceived", "context":{"id":"cb8bc118-f8d2-4bce-bfb5-4e7400bdd638", "isDeleted:":"true", "version":"1697787868579"}}
{"logTime": "1024/024030", "correlationVector":"l9ptl6hobt+MMzM9ujfzXy.54","action":"GetUpdates", "result":"DeleteReceived", "context":{"id":"2bd61ffa-7b0c-447d-a06c-41ee668bd660", "isDeleted:":"true", "version":"1697787944262"}}
{"logTime": "1024/024030", "correlationVector":"l9ptl6hobt+MMzM9ujfzXy.55","action":"GetUpdates", "result":"DeleteReceived", "context":{"id":"bfed7e98-b147-4cec-9944-7f118ffbcd99", "isDeleted:":"true", "version":"1697792858483"}}
{"logTime": "1024/024030", "correlationVector":"l9ptl6hobt+MMzM9ujfzXy.56","action":"GetUpdates", "result":"DeleteReceived", "context":{"id":"5d76a68b-b503-45b5-a291-3b9c0cd34f04", "isDeleted:":"true", "version":"1697792858485"}}
{"logTime": "1024/024030", "correlationVector":"l9ptl6hobt+MMzM9ujfzXy.57","action":"GetUpdates", "result":"DeleteReceived", "context":{"id":"4b8556c1-2f2f-45f8-8f13-c60fd21f319e", "isDeleted:":"true", "version":"1697792858486"}}
{"logTime": "1024/024030", "correlationVector":"l9ptl6hobt+MMzM9ujfzXy.58","action":"GetUpdates", "result":"DeleteReceived", "context":{"id":"3e51159d-fecc-4eb1-8df5-b12de21b48ce", "isDeleted:":"true", "version":"1697792858489"}}
{"logTime": "1024/024030", "correlationVector":"l9ptl6hobt+MMzM9ujfzXy.59","action":"GetUpdates", "result":"DeleteReceived", "context":{"id":"64881c2a-2cf4-4977-b22a-525c266b090d", "isDeleted:":"true", "version":"1697792858491"}}
{"logTime": "1024/024030", "correlationVector":"l9ptl6hobt+MMzM9ujfzXy.60","action":"GetUpdates", "result":"DeleteReceived", "context":{"id":"133f0121-bf96-4c64-a5a9-5f51483f78a4", "isDeleted:":"true", "version":"1697792858495"}}
{"logTime": "1024/024030", "correlationVector":"l9ptl6hobt+MMzM9ujfzXy.61","action":"GetUpdates", "result":"DeleteReceived", "context":{"id":"aee2bed3-7c88-45c1-bb70-ea41aa6cbc6d", "isDeleted:":"true", "version":"1697793023288"}}
{"logTime": "1024/024030", "correlationVector":"l9ptl6hobt+MMzM9ujfzXy.62","action":"GetUpdates", "result":"DeleteReceived", "context":{"id":"ee6f94ab-2af4-4b94-aafc-8ff9523f1039", "isDeleted:":"true", "version":"1697793564982"}}
{"logTime": "1024/024030", "correlationVector":"l9ptl6hobt+MMzM9ujfzXy.63","action":"GetUpdates", "result":"DeleteReceived", "context":{"id":"bf8b3a67-d562-4736-960f-1f9b178db3c2", "isDeleted:":"true", "version":"1697794154923"}}
{"logTime": "1024/024030", "correlationVector":"l9ptl6hobt+MMzM9ujfzXy.64","action":"GetUpdates", "result":"DeleteReceived", "context":{"id":"ff0d15df-478a-425b-8551-9e0100ea230b", "isDeleted:":"true", "version":"1697794361701"}}
{"logTime": "1024/024030", "correlationVector":"l9ptl6hobt+MMzM9ujfzXy.65","action":"GetUpdates", "result":"DeleteReceived", "context":{"id":"bdae032c-6284-4e70-921f-1a204a59693c", "isDeleted:":"true", "version":"1697794474314"}}
{"logTime": "1024/024030", "correlationVector":"l9ptl6hobt+MMzM9ujfzXy.66","action":"GetUpdates", "result":"DeleteReceived", "context":{"id":"daf68792-672f-46a2-8637-f79f39e8d120", "isDeleted:":"true", "version":"1697794607052"}}
{"logTime": "1024/024030", "correlationVector":"l9ptl6hobt+MMzM9ujfzXy.67","action":"GetUpdates", "result":"DeleteReceived", "context":{"id":"cf4b92ac-3fda-44c1-bb92-51f14b8ac7ac", "isDeleted:":"true", "version":"1697794607054"}}
{"logTime": "1024/024030", "correlationVector":"l9ptl6hobt+MMzM9ujfzXy.68","action":"GetUpdates", "result":"DeleteReceived", "context":{"id":"5421db67-5df2-4d89-b4e1-8bac6d9d9f57", "isDeleted:":"true", "version":"1697797261164"}}
{"logTime": "1024/024030", "correlationVector":"l9ptl6hobt+MMzM9ujfzXy.69","action":"GetUpdates", "result":"DeleteReceived", "context":{"id":"cf79377b-1fcc-4d2b-8448-01fded19f007", "isDeleted:":"true", "version":"1697797445060"}}
{"logTime": "1024/024030", "correlationVector":"l9ptl6hobt+MMzM9ujfzXy.70","action":"GetUpdates", "result":"DeleteReceived", "context":{"id":"df4dcf7e-9648-4153-8845-01b4d5b11301", "isDeleted:":"true", "version":"1697797529239"}}
{"logTime": "1024/024030", "correlationVector":"l9ptl6hobt+MMzM9ujfzXy.71","action":"GetUpdates", "result":"DeleteReceived", "context":{"id":"039e2489-78ef-4b3d-8da8-ff8a1137ebef", "isDeleted:":"true", "version":"1697811635523"}}
{"logTime": "1024/024030", "correlationVector":"l9ptl6hobt+MMzM9ujfzXy.72","action":"GetUpdates", "result":"DeleteReceived", "context":{"id":"8639500a-c40a-4c8a-ab44-bac703e865b6", "isDeleted:":"true", "version":"1697818252242"}}
{"logTime": "1024/024030", "correlationVector":"l9ptl6hobt+MMzM9ujfzXy.73","action":"GetUpdates", "result":"DeleteReceived", "context":{"id":"667442fd-7691-4c63-9e54-4bd5c36a49bb", "isDeleted:":"true", "version":"1697820585201"}}
{"logTime": "1024/024030", "correlationVector":"l9ptl6hobt+MMzM9ujfzXy.74","action":"GetUpdates", "result":"DeleteReceived", "context":{"id":"9e655a6c-a716-4d4f-8eb9-8d89b3fce6cb", "isDeleted:":"true", "version":"1697820585202"}}
{"logTime": "1024/024030", "correlationVector":"l9ptl6hobt+MMzM9ujfzXy.75","action":"GetUpdates", "result":"DeleteReceived", "context":{"id":"7b8c40b9-b1f0-422d-b19d-dbe0c3c46b97", "isDeleted:":"true", "version":"1697820585203"}}
{"logTime": "1024/024030", "correlationVector":"l9ptl6hobt+MMzM9ujfzXy.76","action":"GetUpdates", "result":"DeleteReceived", "context":{"id":"fbe675f9-617b-44a6-b734-22d2ff3cf364", "isDeleted:":"true", "version":"1697820585204"}}
{"logTime": "1024/024030", "correlationVector":"l9ptl6hobt+MMzM9ujfzXy.77","action":"GetUpdates", "result":"DeleteReceived", "context":{"id":"08b92319-e551-4626-bc13-588bc29e3be7", "isDeleted:":"true", "version":"1697820585205"}}
{"logTime": "1024/024030", "correlationVector":"l9ptl6hobt+MMzM9ujfzXy.78","action":"GetUpdates", "result":"DeleteReceived", "context":{"id":"042e3441-86c0-4254-ae62-0da1712c40fa", "isDeleted:":"true", "version":"1697820585206"}}
{"logTime": "1024/024030", "correlationVector":"l9ptl6hobt+MMzM9ujfzXy.79","action":"GetUpdates", "result":"DeleteReceived", "context":{"id":"d1990ed8-5676-488e-82cf-7d7f6befad57", "isDeleted:":"true", "version":"1697820585207"}}
{"logTime": "1024/024030", "correlationVector":"l9ptl6hobt+MMzM9ujfzXy.80","action":"GetUpdates", "result":"DeleteReceived", "context":{"id":"21678c33-362d-4d91-b258-f068c69ade8d", "isDeleted:":"true", "version":"1697820585208"}}
{"logTime": "1024/024030", "correlationVector":"l9ptl6hobt+MMzM9ujfzXy.81","action":"GetUpdates", "result":"DeleteReceived", "context":{"id":"1e15576c-900b-46f2-8a9d-51aff37a78a9", "isDeleted:":"true", "version":"1697820585209"}}
{"logTime": "1024/024030", "correlationVector":"l9ptl6hobt+MMzM9ujfzXy.82","action":"GetUpdates", "result":"DeleteReceived", "context":{"id":"06d8b9e4-9e0b-4371-9e3a-cdea6673f645", "isDeleted:":"true", "version":"1697820585210"}}
{"logTime": "1024/024030", "correlationVector":"l9ptl6hobt+MMzM9ujfzXy.83","action":"GetUpdates", "result":"DeleteReceived", "context":{"id":"e4f02a22-b5b9-4ea1-a595-777829f9d78c", "isDeleted:":"true", "version":"1697820585211"}}
{"logTime": "1024/024030", "correlationVector":"l9ptl6hobt+MMzM9ujfzXy.84","action":"GetUpdates", "result":"DeleteReceived", "context":{"id":"201dfde8-b49c-4a84-8b9d-822dc08f4d72", "isDeleted:":"true", "version":"1697820585213"}}
{"logTime": "1024/024030", "correlationVector":"l9ptl6hobt+MMzM9ujfzXy.85","action":"GetUpdates", "result":"DeleteReceived", "context":{"id":"bad1a12d-40e2-4004-8d86-3a8a679ff8f7", "isDeleted:":"true", "version":"1697820585214"}}
{"logTime": "1024/024030", "correlationVector":"l9ptl6hobt+MMzM9ujfzXy.86","action":"GetUpdates", "result":"DeleteReceived", "context":{"id":"2efacfdf-4f8b-4d7d-bdd6-d89250eaa5c8", "isDeleted:":"true", "version":"1697820585215"}}
{"logTime": "1024/024030", "correlationVector":"l9ptl6hobt+MMzM9ujfzXy.87","action":"GetUpdates", "result":"DeleteReceived", "context":{"id":"586fd6b5-92d9-4941-86b0-78829be55091", "isDeleted:":"true", "version":"1697820585216"}}
{"logTime": "1024/024030", "correlationVector":"l9ptl6hobt+MMzM9ujfzXy.88","action":"GetUpdates", "result":"DeleteReceived", "context":{"id":"7f23cb2c-8781-4958-90fc-e3c0e8bbe4f9", "isDeleted:":"true", "version":"1697820585217"}}
{"logTime": "1024/024030", "correlationVector":"l9ptl6hobt+MMzM9ujfzXy.89","action":"GetUpdates", "result":"DeleteReceived", "context":{"id":"6e5c67dc-8b9f-4ae3-8d30-55a7e8c73fa7", "isDeleted:":"true", "version":"1698025867131"}}
{"logTime": "1024/024030", "correlationVector":"l9ptl6hobt+MMzM9ujfzXy.90","action":"GetUpdates", "result":"DeleteReceived", "context":{"id":"b264fd04-1429-43f3-86cd-f524b8f50440", "isDeleted:":"true", "version":"1698026527548"}}
{"logTime": "1024/024030", "correlationVector":"l9ptl6hobt+MMzM9ujfzXy.91","action":"GetUpdates", "result":"DeleteReceived", "context":{"id":"de72d0b9-31bd-4574-9a81-5eb829d51929", "isDeleted:":"true", "version":"1698027133179"}}
{"logTime": "1024/024030", "correlationVector":"l9ptl6hobt+MMzM9ujfzXy.92","action":"GetUpdates", "result":"DeleteReceived", "context":{"id":"43facf9a-bec6-4807-9a0a-a2e7e9989274", "isDeleted:":"true", "version":"1698027406887"}}
{"logTime": "1024/024030", "correlationVector":"l9ptl6hobt+MMzM9ujfzXy.93","action":"GetUpdates", "result":"DeleteReceived", "context":{"id":"f1f35b90-b966-439e-9bf1-da2064dcfe64", "isDeleted:":"true", "version":"1698028063734"}}
{"logTime": "1024/024030", "correlationVector":"l9ptl6hobt+MMzM9ujfzXy.94","action":"GetUpdates", "result":"DeleteReceived", "context":{"id":"28a1f5dd-93d2-4508-852b-7cd61a47bd1f", "isDeleted:":"true", "version":"1698028187650"}}
{"logTime": "1024/024030", "correlationVector":"l9ptl6hobt+MMzM9ujfzXy.95","action":"GetUpdates", "result":"DeleteReceived", "context":{"id":"6eb81502-7c8c-404d-88cd-87fa0526fbea", "isDeleted:":"true", "version":"1698028641042"}}
{"logTime": "1024/024030", "correlationVector":"l9ptl6hobt+MMzM9ujfzXy.96","action":"GetUpdates", "result":"DeleteReceived", "context":{"id":"6433154f-2ddd-4eed-a7cd-f64f5311c6d1", "isDeleted:":"true", "version":"1698028641049"}}
{"logTime": "1024/024030", "correlationVector":"l9ptl6hobt+MMzM9ujfzXy.97","action":"GetUpdates", "result":"DeleteReceived", "context":{"id":"e951ca11-d9e2-4f1c-936c-d9116bde74ec", "isDeleted:":"true", "version":"1698028641050"}}
{"logTime": "1024/024030", "correlationVector":"l9ptl6hobt+MMzM9ujfzXy.98","action":"GetUpdates", "result":"DeleteReceived", "context":{"id":"07aad8cd-3635-4d9d-9751-6b736076a19e", "isDeleted:":"true", "version":"1698028641051"}}
{"logTime": "1024/024030", "correlationVector":"l9ptl6hobt+MMzM9ujfzXy.99","action":"GetUpdates", "result":"DeleteReceived", "context":{"id":"58dbae13-0d9c-4b0f-b038-f0516d3ed653", "isDeleted:":"true", "version":"1698028641052"}}
{"logTime": "1024/024030", "correlationVector":"l9ptl6hobt+MMzM9ujfzXy.100","action":"GetUpdates", "result":"DeleteReceived", "context":{"id":"4a6acd75-61a7-40f2-92e6-3004e8c10eec", "isDeleted:":"true", "version":"1698028641053"}}
{"logTime": "1024/024030", "correlationVector":"l9ptl6hobt+MMzM9ujfzXy.101","action":"GetUpdates", "result":"DeleteReceived", "context":{"id":"e2ec4646-b928-44ab-8709-21c1f6948479", "isDeleted:":"true", "version":"1698028642607"}}
{"logTime": "1024/024030", "correlationVector":"l9ptl6hobt+MMzM9ujfzXy.102","action":"GetUpdates", "result":"DeleteReceived", "context":{"id":"2c245e0f-8021-4634-8327-10b2ab4d3025", "isDeleted:":"true", "version":"1698028693099"}}
{"logTime": "1024/024030", "correlationVector":"l9ptl6hobt+MMzM9ujfzXy.103","action":"GetUpdates", "result":"DeleteReceived", "context":{"id":"47027352-8745-4de9-b5dc-855195342055", "isDeleted:":"true", "version":"1698028693100"}}
{"logTime": "1024/024030", "correlationVector":"l9ptl6hobt+MMzM9ujfzXy.104","action":"GetUpdates", "result":"DeleteReceived", "context":{"id":"af7e6a34-b939-4d9e-8a27-707785f7e502", "isDeleted:":"true", "version":"1698028987888"}}
{"logTime": "1024/024030", "correlationVector":"l9ptl6hobt+MMzM9ujfzXy.105","action":"GetUpdates", "result":"DeleteReceived", "context":{"id":"385de120-eea9-441a-9925-daf17d9c1958", "isDeleted:":"true", "version":"1698030013744"}}
{"logTime": "1024/024030", "correlationVector":"l9ptl6hobt+MMzM9ujfzXy.106","action":"GetUpdates", "result":"DeleteReceived", "context":{"id":"5e837fbe-8980-443e-8500-b1371c184cf3", "isDeleted:":"true", "version":"1698030174334"}}
{"logTime": "1024/024030", "correlationVector":"l9ptl6hobt+MMzM9ujfzXy.107","action":"GetUpdates", "result":"DeleteReceived", "context":{"id":"2a2961d3-66fb-41fe-a4eb-dde2c5b18b81", "isDeleted:":"true", "version":"1698030174335"}}
{"logTime": "1024/024030", "correlationVector":"l9ptl6hobt+MMzM9ujfzXy.108","action":"GetUpdates", "result":"DeleteReceived", "context":{"id":"2cb24e6a-b9f5-4586-a51b-0b52c8c51393", "isDeleted:":"true", "version":"1698030489065"}}
{"logTime": "1024/024030", "correlationVector":"l9ptl6hobt+MMzM9ujfzXy.109","action":"GetUpdates", "result":"DeleteReceived", "context":{"id":"f80f3168-7dd7-47e4-94e7-f816aa147403", "isDeleted:":"true", "version":"1698030674188"}}
{"logTime": "1024/024031", "correlationVector":"l9ptl6hobt+MMzM9ujfzXy.110","action":"GetUpdates", "result":"DeleteReceived", "context":{"id":"069dc597-857a-4b31-ba12-0b87d494bb1a", "isDeleted:":"true", "version":"1698030674189"}}
{"logTime": "1024/024031", "correlationVector":"l9ptl6hobt+MMzM9ujfzXy.111","action":"GetUpdates", "result":"DeleteReceived", "context":{"id":"904f9f1f-1723-4545-92be-58d36ab9027d", "isDeleted:":"true", "version":"1698030871405"}}
{"logTime": "1024/024031", "correlationVector":"l9ptl6hobt+MMzM9ujfzXy.112","action":"GetUpdates", "result":"DeleteReceived", "context":{"id":"abfc4de7-1f40-4ac9-82a6-4bd0ab30c1ac", "isDeleted:":"true", "version":"1698030950863"}}
{"logTime": "1024/024031", "correlationVector":"l9ptl6hobt+MMzM9ujfzXy.113","action":"GetUpdates", "result":"DeleteReceived", "context":{"id":"b36f2608-c8ad-45c8-a298-49f944a1033d", "isDeleted:":"true", "version":"1698031033419"}}
{"logTime": "1024/024031", "correlationVector":"l9ptl6hobt+MMzM9ujfzXy.114","action":"GetUpdates", "result":"DeleteReceived", "context":{"id":"edba43b2-5697-4b9c-a71f-21e802e971b7", "isDeleted:":"true", "version":"1698031175775"}}
{"logTime": "1024/024031", "correlationVector":"l9ptl6hobt+MMzM9ujfzXy.115","action":"GetUpdates", "result":"DeleteReceived", "context":{"id":"d1671b4a-ea53-45ae-8d36-cd4db50e2c67", "isDeleted:":"true", "version":"1698031296325"}}
{"logTime": "1024/024031", "correlationVector":"l9ptl6hobt+MMzM9ujfzXy.116","action":"GetUpdates", "result":"DeleteReceived", "context":{"id":"24ad20fa-94ab-4357-b1d5-9dbf1412b2d6", "isDeleted:":"true", "version":"1698031377374"}}
{"logTime": "1024/024031", "correlationVector":"l9ptl6hobt+MMzM9ujfzXy.117","action":"GetUpdates", "result":"DeleteReceived", "context":{"id":"f30a77bf-b218-4ecf-aab2-cc15fc7930e7", "isDeleted:":"true", "version":"1698031734119"}}
{"logTime": "1024/024031", "correlationVector":"l9ptl6hobt+MMzM9ujfzXy.118","action":"GetUpdates", "result":"DeleteReceived", "context":{"id":"1274bf60-7fbf-413b-bfd9-8342ee4b1156", "isDeleted:":"true", "version":"1698031734120"}}
{"logTime": "1024/024031", "correlationVector":"l9ptl6hobt+MMzM9ujfzXy.119","action":"GetUpdates", "result":"DeleteReceived", "context":{"id":"f50dc801-099c-4e3d-824c-e7ba11df1ed6", "isDeleted:":"true", "version":"1698032120321"}}
{"logTime": "1024/024031", "correlationVector":"l9ptl6hobt+MMzM9ujfzXy.120","action":"GetUpdates", "result":"DeleteReceived", "context":{"id":"d52d071c-e498-4bb8-9921-885ebd271163", "isDeleted:":"true", "version":"1698032223197"}}
{"logTime": "1024/024031", "correlationVector":"l9ptl6hobt+MMzM9ujfzXy.121","action":"GetUpdates", "result":"DeleteReceived", "context":{"id":"34832883-caad-4ba3-b2e8-95d82726364f", "isDeleted:":"true", "version":"1698032223199"}}
{"logTime": "1024/024031", "correlationVector":"l9ptl6hobt+MMzM9ujfzXy.122","action":"GetUpdates", "result":"DeleteReceived", "context":{"id":"1a96d55d-ad7d-495b-8115-e0c96226e7bd", "isDeleted:":"true", "version":"1698032405547"}}
{"logTime": "1024/024031", "correlationVector":"l9ptl6hobt+MMzM9ujfzXy.123","action":"GetUpdates", "result":"DeleteReceived", "context":{"id":"2f5b7f96-b715-4c38-9f99-9715b210b951", "isDeleted:":"true", "version":"1698032444233"}}
{"logTime": "1024/024031", "correlationVector":"l9ptl6hobt+MMzM9ujfzXy.124","action":"GetUpdates", "result":"DeleteReceived", "context":{"id":"23eb4f10-95ff-41b4-a35f-5e4013bd9bef", "isDeleted:":"true", "version":"1698032444235"}}
{"logTime": "1024/024031", "correlationVector":"l9ptl6hobt+MMzM9ujfzXy.125","action":"GetUpdates", "result":"DeleteReceived", "context":{"id":"36577bd9-0dbf-4d35-a36d-1e4b72357384", "isDeleted:":"true", "version":"1698032479239"}}
{"logTime": "1024/024031", "correlationVector":"l9ptl6hobt+MMzM9ujfzXy.126","action":"GetUpdates", "result":"DeleteReceived", "context":{"id":"f2029312-c788-4bb9-a4bd-6cd6cc8118de", "isDeleted:":"true", "version":"1698032479240"}}
{"logTime": "1024/024031", "correlationVector":"l9ptl6hobt+MMzM9ujfzXy.127","action":"GetUpdates", "result":"DeleteReceived", "context":{"id":"fdd23ae0-74ea-4b92-aaa0-ed6c4767fa55", "isDeleted:":"true", "version":"1698032551073"}}
{"logTime": "1024/024031", "correlationVector":"l9ptl6hobt+MMzM9ujfzXy.128","action":"GetUpdates", "result":"DeleteReceived", "context":{"id":"eaebeb9e-731a-42e3-9067-fe355ce99ac5", "isDeleted:":"true", "version":"1698040408179"}}
{"logTime": "1024/024031", "correlationVector":"l9ptl6hobt+MMzM9ujfzXy.129","action":"GetUpdates", "result":"DeleteReceived", "context":{"id":"497c1e7d-616f-42a1-bbd9-9bd29c7085f3", "isDeleted:":"true", "version":"1698040408181"}}
{"logTime": "1024/024031", "correlationVector":"l9ptl6hobt+MMzM9ujfzXy.130","action":"GetUpdates", "result":"DeleteReceived", "context":{"id":"b3a78dc8-b046-40b4-acf6-b8586f04226c", "isDeleted:":"true", "version":"1698041998405"}}
{"logTime": "1024/024031", "correlationVector":"l9ptl6hobt+MMzM9ujfzXy.131","action":"GetUpdates", "result":"DeleteReceived", "context":{"id":"009259e1-942e-4a00-be9f-a9b491a99ec1", "isDeleted:":"true", "version":"1698042060260"}}
{"logTime": "1024/024031", "correlationVector":"l9ptl6hobt+MMzM9ujfzXy.132","action":"GetUpdates", "result":"DeleteReceived", "context":{"id":"7d276e11-e564-47e5-b1ad-194a83e23a5b", "isDeleted:":"true", "version":"1698042298844"}}
{"logTime": "1024/024031", "correlationVector":"l9ptl6hobt+MMzM9ujfzXy.133","action":"GetUpdates", "result":"DeleteReceived", "context":{"id":"08eda326-9804-4929-b63f-e7524769a16e", "isDeleted:":"true", "version":"1698042298846"}}
{"logTime": "1024/024031", "correlationVector":"l9ptl6hobt+MMzM9ujfzXy.134","action":"GetUpdates", "result":"DeleteReceived", "context":{"id":"7dd3ff35-2534-422f-a558-6b36b1e2429e", "isDeleted:":"true", "version":"1698043303364"}}
{"logTime": "1024/024031", "correlationVector":"l9ptl6hobt+MMzM9ujfzXy.135","action":"GetUpdates", "result":"DeleteReceived", "context":{"id":"072bfb91-128e-43c6-9e84-c1f43ebfadad", "isDeleted:":"true", "version":"1698043303365"}}
{"logTime": "1024/024031", "correlationVector":"l9ptl6hobt+MMzM9ujfzXy.136","action":"GetUpdates", "result":"DeleteReceived", "context":{"id":"33fed59a-3f63-4009-ba7b-face2aedabdd", "isDeleted:":"true", "version":"1698043573923"}}
{"logTime": "1024/024031", "correlationVector":"l9ptl6hobt+MMzM9ujfzXy.137","action":"GetUpdates", "result":"DeleteReceived", "context":{"id":"cc2d67f2-c0b9-4db2-b22f-f1904dc2c74a", "isDeleted:":"true", "version":"1698043951638"}}
{"logTime": "1024/024031", "correlationVector":"l9ptl6hobt+MMzM9ujfzXy.138","action":"GetUpdates", "result":"DeleteReceived", "context":{"id":"0c756b6a-431d-4175-9a21-c1a70ffd8510", "isDeleted:":"true", "version":"1698044067888"}}
{"logTime": "1024/024031", "correlationVector":"l9ptl6hobt+MMzM9ujfzXy.139","action":"GetUpdates", "result":"DeleteReceived", "context":{"id":"0e717257-5540-4719-b9bd-384632be589e", "isDeleted:":"true", "version":"1698044262752"}}
{"logTime": "1024/024031", "correlationVector":"l9ptl6hobt+MMzM9ujfzXy.140","action":"GetUpdates", "result":"DeleteReceived", "context":{"id":"570adf38-683b-4976-9577-c45315a433eb", "isDeleted:":"true", "version":"1698044262753"}}
{"logTime": "1024/024031", "correlationVector":"l9ptl6hobt+MMzM9ujfzXy.141","action":"GetUpdates", "result":"DeleteReceived", "context":{"id":"e5f59e6b-057c-4bb0-bc92-e2472542bc40", "isDeleted:":"true", "version":"1698044457566"}}
{"logTime": "1024/024031", "correlationVector":"l9ptl6hobt+MMzM9ujfzXy.142","action":"GetUpdates", "result":"DeleteReceived", "context":{"id":"179a868b-a76a-4dfe-bf1c-4f7ad3460043", "isDeleted:":"true", "version":"1698044505687"}}
{"logTime": "1024/024031", "correlationVector":"l9ptl6hobt+MMzM9ujfzXy.143","action":"GetUpdates", "result":"DeleteReceived", "context":{"id":"b893a035-8b03-4429-8ba9-2525530b1308", "isDeleted:":"true", "version":"1698044505690"}}
{"logTime": "1024/024031", "correlationVector":"l9ptl6hobt+MMzM9ujfzXy.144","action":"GetUpdates", "result":"DeleteReceived", "context":{"id":"9590186e-7f4f-4c5c-9857-ef6c9c41e01d", "isDeleted:":"true", "version":"1698045352623"}}
{"logTime": "1024/024031", "correlationVector":"l9ptl6hobt+MMzM9ujfzXy.145","action":"GetUpdates", "result":"DeleteReceived", "context":{"id":"c639e857-0300-43fa-aedb-03443d7550ba", "isDeleted:":"true", "version":"1698045352625"}}
{"logTime": "1024/024031", "correlationVector":"l9ptl6hobt+MMzM9ujfzXy.146","action":"GetUpdates", "result":"DeleteReceived", "context":{"id":"3ce2b64e-61c2-41da-841d-89809525108f", "isDeleted:":"true", "version":"1698045948629"}}
{"logTime": "1024/024031", "correlationVector":"l9ptl6hobt+MMzM9ujfzXy.147","action":"GetUpdates", "result":"DeleteReceived", "context":{"id":"b6ec935d-7613-412a-8e56-f36836cd8259", "isDeleted:":"true", "version":"1698046399308"}}
{"logTime": "1024/024031", "correlationVector":"l9ptl6hobt+MMzM9ujfzXy.148","action":"GetUpdates", "result":"DeleteReceived", "context":{"id":"eb180164-63e5-4127-a879-50eafd197607", "isDeleted:":"true", "version":"1698046399309"}}
{"logTime": "1024/024031", "correlationVector":"l9ptl6hobt+MMzM9ujfzXy.149","action":"GetUpdates", "result":"DeleteReceived", "context":{"id":"573595f8-b11e-414c-93c8-a072bc4fee5b", "isDeleted:":"true", "version":"1698052021799"}}
{"logTime": "1024/024031", "correlationVector":"l9ptl6hobt+MMzM9ujfzXy.150","action":"GetUpdates", "result":"DeleteReceived", "context":{"id":"4c88f5bb-1618-4b2b-a870-61eb4c75c1b9", "isDeleted:":"true", "version":"1698052633879"}}
{"logTime": "1024/024031", "correlationVector":"l9ptl6hobt+MMzM9ujfzXy.151","action":"GetUpdates", "result":"DeleteReceived", "context":{"id":"538a7a54-b704-4c05-978d-acd057cdfa3f", "isDeleted:":"true", "version":"1698054437086"}}
{"logTime": "1024/024031", "correlationVector":"l9ptl6hobt+MMzM9ujfzXy.152","action":"GetUpdates", "result":"DeleteReceived", "context":{"id":"b36d8163-e67b-45d9-a501-0be1d0c56b36", "isDeleted:":"true", "version":"1698054437087"}}
{"logTime": "1024/024031", "correlationVector":"l9ptl6hobt+MMzM9ujfzXy.153","action":"GetUpdates", "result":"DeleteReceived", "context":{"id":"970f9db3-d1ab-4ac5-8159-10d0e2e45a0a", "isDeleted:":"true", "version":"1698113325535"}}
{"logTime": "1024/024031", "correlationVector":"l9ptl6hobt+MMzM9ujfzXy.154","action":"GetUpdates", "result":"DeleteReceived", "context":{"id":"57933a51-e1e6-4231-8225-6cddd95ff572", "isDeleted:":"true", "version":"1698113765208"}}
{"logTime": "1024/024031", "correlationVector":"l9ptl6hobt+MMzM9ujfzXy.155","action":"GetUpdates", "result":"DeleteReceived", "context":{"id":"d8358b51-f82c-42aa-8e53-fd4dafec5bd8", "isDeleted:":"true", "version":"1698114312069"}}
{"logTime": "1024/024031", "correlationVector":"l9ptl6hobt+MMzM9ujfzXy.156","action":"GetUpdates Response", "result":"SYNCER_OK", "context":Received 222 update(s). cV=l9ptl6hobt+MMzM9ujfzXy.0;server=GENERAL0100000A;cloudType=Consumer;environment=Prod_EastAsia_000d;migrationStage=NotStarted}
{"logTime": "1024/024031", "correlationVector":"81jJ0T4MoWCou1WXN4QIKk","action":"Normal GetUpdate request", "result":"", "context":cV=81jJ0T4MoWCou1WXN4QIKk
Nudged types: Bookmarks, Typed URLs, Sessions, Device Info, User Consents
Refresh requested types: Bookmarks, Preferences, Passwords, Autofill Profiles, Autofill, Autofill Custom Data, Typed URLs, Extensions, Sessions, Extension settings, History Delete Directives, Device Info, User Consents, Send Tab To Self, Web Apps, Collection, Edge E Drop, Edge Hub App Usage, Encryption Keys}
{"logTime": "1024/024031", "correlationVector":"81jJ0T4MoWCou1WXN4QIKk.1","action":"SyncServerConnectionManagerRequest", "result":"SYNC_SERVER_OK", "context":{"environment":"Prod_EastAsia_000d", "migrationStage":"NotStarted", "server":"GENERAL0100001C"}}
{"logTime": "1024/024031", "correlationVector":"81jJ0T4MoWCou1WXN4QIKk.2","action":"GetUpdates Response", "result":"SYNCER_OK", "context":Received 1 update(s). cV=81jJ0T4MoWCou1WXN4QIKk.0;server=GENERAL0100001C;cloudType=Consumer;environment=Prod_EastAsia_000d;migrationStage=NotStarted}
{"logTime": "1024/024031", "correlationVector":"vpZNMEY93HeAeC5LY4PP31","action":"Commit Request", "result":"", "context":Item count: 1
Contributing types: Device Info}
{"logTime": "1024/024031", "correlationVector":"vpZNMEY93HeAeC5LY4PP31.1","action":"SyncServerConnectionManagerRequest", "result":"SYNC_SERVER_OK", "context":{"environment":"Prod_EastAsia_000d", "migrationStage":"NotStarted", "server":"GENERAL01000022"}}
{"logTime": "1024/024031", "correlationVector":"vpZNMEY93HeAeC5LY4PP31.2","action":"Commit Response", "result":"SYNCER_OK", "context":Result: SYNCER_OK. cV=vpZNMEY93HeAeC5LY4PP31.0;server=GENERAL01000022;cloudType=Consumer;environment=Prod_EastAsia_000d;migrationStage=NotStarted}
{"logTime": "1024/024031", "correlationVector":"cyviVZMEITofpKhCYCgx+e","action":"Commit Request", "result":"", "context":Item count: 17
Contributing types: Bookmarks, Autofill, Typed URLs, Sessions, User Consents}
{"logTime": "1024/024032", "correlationVector":"cyviVZMEITofpKhCYCgx+e.1","action":"SyncServerConnectionManagerRequest", "result":"SYNC_SERVER_OK", "context":{"environment":"Prod_EastAsia_000d", "migrationStage":"NotStarted", "server":"GENERAL01000013"}}
{"logTime": "1024/024032", "correlationVector":"cyviVZMEITofpKhCYCgx+e.2","action":"Commit Response", "result":"SYNCER_OK", "context":Result: SYNCER_OK. cV=cyviVZMEITofpKhCYCgx+e.0;server=GENERAL01000013;cloudType=Consumer;environment=Prod_EastAsia_000d;migrationStage=NotStarted}
{"logTime": "1024/024032", "correlationVector":"By/RvB6gyuPysyQzB0sGTr","action":"Commit Request", "result":"", "context":Item count: 2
Contributing types: Collection}
{"logTime": "1024/024033", "correlationVector":"By/RvB6gyuPysyQzB0sGTr.1","action":"SyncServerConnectionManagerRequest", "result":"SYNC_SERVER_OK", "context":{"environment":"Prod_EastAsia_000d", "migrationStage":"NotStarted", "server":"GENERAL0100001U"}}
{"logTime": "1024/024033", "correlationVector":"By/RvB6gyuPysyQzB0sGTr.2","action":"Commit Response", "result":"SYNCER_OK", "context":Result: SYNCER_OK. cV=By/RvB6gyuPysyQzB0sGTr.0;server=GENERAL0100001U;cloudType=Consumer;environment=Prod_EastAsia_000d;migrationStage=NotStarted}
{"logTime": "1024/024205", "correlationVector":"fWjtLgVvGYoLDyDbCFDb0W","action":"Commit Request", "result":"", "context":Item count: 6
Contributing types: Sessions, Extension settings}
{"logTime": "1024/024207", "correlationVector":"fWjtLgVvGYoLDyDbCFDb0W.1","action":"SyncServerConnectionManagerRequest", "result":"SYNC_SERVER_OK", "context":{"environment":"Prod_EastAsia_000d", "migrationStage":"NotStarted", "server":"GENERAL0100001C"}}
{"logTime": "1024/024207", "correlationVector":"fWjtLgVvGYoLDyDbCFDb0W.2","action":"Commit Response", "result":"SYNCER_OK", "context":Result: SYNCER_OK. cV=fWjtLgVvGYoLDyDbCFDb0W.0;server=GENERAL0100001C;cloudType=Consumer;environment=Prod_EastAsia_000d;migrationStage=NotStarted}
{"logTime": "1024/024237", "correlationVector":"WmHY5pq6+FC0p4Y48u7wtn","action":"Commit Request", "result":"", "context":Item count: 4
Contributing types: Sessions}
{"logTime": "1024/024237", "correlationVector":"WmHY5pq6+FC0p4Y48u7wtn.1","action":"SyncServerConnectionManagerRequest", "result":"SYNC_SERVER_OK", "context":{"environment":"Prod_EastAsia_000d", "migrationStage":"NotStarted", "server":"GENERAL0100001G"}}
{"logTime": "1024/024237", "correlationVector":"WmHY5pq6+FC0p4Y48u7wtn.2","action":"Commit Response", "result":"SYNCER_OK", "context":Result: SYNCER_OK. cV=WmHY5pq6+FC0p4Y48u7wtn.0;server=GENERAL0100001G;cloudType=Consumer;environment=Prod_EastAsia_000d;migrationStage=NotStarted}
{"logTime": "1024/024312", "correlationVector":"7u8igzKeFNnM/T9NhcQ+mI","action":"Commit Request", "result":"", "context":Item count: 6
Contributing types: Sessions}
{"logTime": "1024/024313", "correlationVector":"7u8igzKeFNnM/T9NhcQ+mI.1","action":"SyncServerConnectionManagerRequest", "result":"SYNC_SERVER_OK", "context":{"environment":"Prod_EastAsia_000d", "migrationStage":"NotStarted", "server":"GENERAL0100000B"}}
{"logTime": "1024/024313", "correlationVector":"7u8igzKeFNnM/T9NhcQ+mI.3","action":"Commit.Sessions", "result":"Success", "context":{"id":"53809bc6-28fe-47e1-879b-8f92f6d6bb30", "isDeleted":"true", "size":"0", "version":"1698115357308"}}
{"logTime": "1024/024313", "correlationVector":"7u8igzKeFNnM/T9NhcQ+mI.4","action":"Commit.Sessions", "result":"Success", "context":{"id":"b4c29a2e-680c-4bfe-b65e-26837e0b9623", "isDeleted":"true", "size":"0", "version":"1698115357309"}}
{"logTime": "1024/024313", "correlationVector":"7u8igzKeFNnM/T9NhcQ+mI.5","action":"Commit.Sessions", "result":"Success", "context":{"id":"3d1b503a-df78-4fb8-b0e3-a6646bc610bb", "isDeleted":"true", "size":"0", "version":"1698115326501"}}
{"logTime": "1024/024313", "correlationVector":"7u8igzKeFNnM/T9NhcQ+mI.6","action":"Commit.Sessions", "result":"Success", "context":{"id":"33d5103a-1704-487c-86e9-c88ea63dddfc", "isDeleted":"true", "size":"0", "version":"1698115326502"}}
{"logTime": "1024/024313", "correlationVector":"7u8igzKeFNnM/T9NhcQ+mI.7","action":"Commit.Sessions", "result":"Success", "context":{"id":"59983ec1-86c8-458e-aa4a-cb41463c58aa", "isDeleted":"true", "size":"0", "version":"1698115357311"}}
{"logTime": "1024/024313", "correlationVector":"7u8igzKeFNnM/T9NhcQ+mI.2","action":"Commit Response", "result":"SYNCER_OK", "context":Result: SYNCER_OK. cV=7u8igzKeFNnM/T9NhcQ+mI.0;server=GENERAL0100000B;cloudType=Consumer;environment=Prod_EastAsia_000d;migrationStage=NotStarted}
{"logTime": "1024/024441", "correlationVector":"tNVCbV6fpFhlkI6jhD7xi0","action":"Commit Request", "result":"", "context":Item count: 2
Contributing types: Sessions}
{"logTime": "1024/024441", "correlationVector":"tNVCbV6fpFhlkI6jhD7xi0.1","action":"SyncServerConnectionManagerRequest", "result":"SYNC_SERVER_OK", "context":{"environment":"Prod_EastAsia_000d", "migrationStage":"NotStarted", "server":"GENERAL01000002"}}
{"logTime": "1024/024441", "correlationVector":"tNVCbV6fpFhlkI6jhD7xi0.2","action":"Commit Response", "result":"SYNCER_OK", "context":Result: SYNCER_OK. cV=tNVCbV6fpFhlkI6jhD7xi0.0;server=GENERAL01000002;cloudType=Consumer;environment=Prod_EastAsia_000d;migrationStage=NotStarted}
{"logTime": "1024/025145", "correlationVector":"PekvpEpNK93TnG+xFaEa/X","action":"Normal GetUpdate request", "result":"", "context":cV=PekvpEpNK93TnG+xFaEa/X
Notified types: Device Info}
{"logTime": "1024/025145", "correlationVector":"PekvpEpNK93TnG+xFaEa/X.1","action":"SyncServerConnectionManagerRequest", "result":"SYNC_SERVER_OK", "context":{"environment":"Prod_EastAsia_000d", "migrationStage":"NotStarted", "server":"GENERAL0100001H"}}
{"logTime": "1024/025145", "correlationVector":"PekvpEpNK93TnG+xFaEa/X.2","action":"GetUpdates", "result":"DeleteReceived", "context":{"id":"53809bc6-28fe-47e1-879b-8f92f6d6bb30", "isDeleted:":"true", "version":"1698115392676"}}
{"logTime": "1024/025145", "correlationVector":"PekvpEpNK93TnG+xFaEa/X.3","action":"GetUpdates", "result":"DeleteReceived", "context":{"id":"b4c29a2e-680c-4bfe-b65e-26837e0b9623", "isDeleted:":"true", "version":"1698115392677"}}
{"logTime": "1024/025145", "correlationVector":"PekvpEpNK93TnG+xFaEa/X.4","action":"GetUpdates", "result":"DeleteReceived", "context":{"id":"3d1b503a-df78-4fb8-b0e3-a6646bc610bb", "isDeleted:":"true", "version":"1698115392678"}}
{"logTime": "1024/025145", "correlationVector":"PekvpEpNK93TnG+xFaEa/X.5","action":"GetUpdates", "result":"DeleteReceived", "context":{"id":"33d5103a-1704-487c-86e9-c88ea63dddfc", "isDeleted:":"true", "version":"1698115392679"}}
{"logTime": "1024/025145", "correlationVector":"PekvpEpNK93TnG+xFaEa/X.6","action":"GetUpdates", "result":"DeleteReceived", "context":{"id":"59983ec1-86c8-458e-aa4a-cb41463c58aa", "isDeleted:":"true", "version":"1698115392681"}}
{"logTime": "1024/025145", "correlationVector":"PekvpEpNK93TnG+xFaEa/X.7","action":"GetUpdates Response", "result":"SYNCER_OK", "context":Received 28 update(s). cV=PekvpEpNK93TnG+xFaEa/X.0;server=GENERAL0100001H;cloudType=Consumer;environment=Prod_EastAsia_000d;migrationStage=NotStarted}
{"logTime": "1024/025541", "correlationVector":"v1a/F5urGH9PHfamURql+y","action":"Commit Request", "result":"", "context":Item count: 1
Contributing types: Sessions}
{"logTime": "1024/025542", "correlationVector":"v1a/F5urGH9PHfamURql+y.1","action":"SyncServerConnectionManagerRequest", "result":"SYNC_SERVER_OK", "context":{"environment":"Prod_EastAsia_000d", "migrationStage":"NotStarted", "server":"GENERAL0100001H"}}
{"logTime": "1024/025542", "correlationVector":"v1a/F5urGH9PHfamURql+y.2","action":"Commit Response", "result":"SYNCER_OK", "context":Result: SYNCER_OK. cV=v1a/F5urGH9PHfamURql+y.0;server=GENERAL0100001H;cloudType=Consumer;environment=Prod_EastAsia_000d;migrationStage=NotStarted}
{"logTime": "1024/025559", "correlationVector":"n3+wE4sq5NaSTvaklzGhYU.0","action":"FeedSettingFetch_homeCloud", "result":"0", "context":{}}
{"logTime": "1024/025559", "correlationVector":"8ADQDF8hvP0bW+ONWu/YA8","action":"Initial GetUpdates", "result":"", "context":Reason: NEWLY_SUPPORTED_DATATYPE. cV=8ADQDF8hvP0bW+ONWu/YA8}
{"logTime": "1024/025600", "correlationVector":"8ADQDF8hvP0bW+ONWu/YA8.1","action":"SyncServerConnectionManagerRequest", "result":"SYNC_SERVER_OK", "context":{"environment":"Prod_EastAsia_000d", "migrationStage":"NotStarted", "server":"GENERAL01000026"}}
{"logTime": "1024/025600", "correlationVector":"8ADQDF8hvP0bW+ONWu/YA8.2","action":"GetUpdates Response", "result":"SYNCER_OK", "context":Received 0 update(s). cV=8ADQDF8hvP0bW+ONWu/YA8.0;server=GENERAL01000026;cloudType=Consumer;environment=Prod_EastAsia_000d;migrationStage=NotStarted}
{"logTime": "1024/025600", "correlationVector":"pHuobYC42zYMx2o5ch9kgR","action":"Normal GetUpdate request", "result":"", "context":cV=pHuobYC42zYMx2o5ch9kgR
Nudged types: Sessions, User Consents
Refresh requested types: Bookmarks, Preferences, Passwords, Autofill Profiles, Autofill, Autofill Custom Data, Typed URLs, Extensions, Sessions, Extension settings, History Delete Directives, Device Info, User Consents, Send Tab To Self, Web Apps, Collection, Edge E Drop, Edge Hub App Usage, Encryption Keys}
{"logTime": "1024/025600", "correlationVector":"pHuobYC42zYMx2o5ch9kgR.1","action":"SyncServerConnectionManagerRequest", "result":"SYNC_SERVER_OK", "context":{"environment":"Prod_EastAsia_000d", "migrationStage":"NotStarted", "server":"GENERAL0100001A"}}
{"logTime": "1024/025600", "correlationVector":"pHuobYC42zYMx2o5ch9kgR.2","action":"GetUpdates Response", "result":"SYNCER_OK", "context":Received 2 update(s). cV=pHuobYC42zYMx2o5ch9kgR.0;server=GENERAL0100001A;cloudType=Consumer;environment=Prod_EastAsia_000d;migrationStage=NotStarted}
{"logTime": "1024/025600", "correlationVector":"bG+9CDSLYOmlBo/SCDNDMB","action":"Commit Request", "result":"", "context":Item count: 4
Contributing types: Sessions, User Consents}
{"logTime": "1024/025601", "correlationVector":"bG+9CDSLYOmlBo/SCDNDMB.1","action":"SyncServerConnectionManagerRequest", "result":"SYNC_SERVER_OK", "context":{"environment":"Prod_EastAsia_000d", "migrationStage":"NotStarted", "server":"GENERAL01000024"}}
{"logTime": "1024/025601", "correlationVector":"bG+9CDSLYOmlBo/SCDNDMB.3","action":"Commit.Sessions", "result":"Success", "context":{"id":"c15c51d4-eafb-4bf9-97c2-08c92900a61e", "isDeleted":"true", "size":"0", "version":"1698116142112"}}
{"logTime": "1024/025601", "correlationVector":"bG+9CDSLYOmlBo/SCDNDMB.2","action":"Commit Response", "result":"SYNCER_OK", "context":Result: SYNCER_OK. cV=bG+9CDSLYOmlBo/SCDNDMB.0;server=GENERAL01000024;cloudType=Consumer;environment=Prod_EastAsia_000d;migrationStage=NotStarted}
{"logTime": "1024/025608", "correlationVector":"y/wTnJs312UyYnFHUgYu5G.0","action":"FeedSettingFetch_homeCloud", "result":"0", "context":{}}
{"logTime": "1024/025608", "correlationVector":"igSy36iE1+VER+aDyIVBec","action":"Initial GetUpdates", "result":"", "context":Reason: NEWLY_SUPPORTED_DATATYPE. cV=igSy36iE1+VER+aDyIVBec}
{"logTime": "1024/025609", "correlationVector":"igSy36iE1+VER+aDyIVBec.1","action":"SyncServerConnectionManagerRequest", "result":"SYNC_SERVER_OK", "context":{"environment":"Prod_EastAsia_000d", "migrationStage":"NotStarted", "server":"GENERAL0100001A"}}
{"logTime": "1024/025609", "correlationVector":"igSy36iE1+VER+aDyIVBec.2","action":"GetUpdates Response", "result":"SYNCER_OK", "context":Received 0 update(s). cV=igSy36iE1+VER+aDyIVBec.0;server=GENERAL0100001A;cloudType=Consumer;environment=Prod_EastAsia_000d;migrationStage=NotStarted}
{"logTime": "1024/025609", "correlationVector":"KX+ZFOB7uampP33bNV0dwD","action":"Normal GetUpdate request", "result":"", "context":cV=KX+ZFOB7uampP33bNV0dwD
Nudged types: Sessions, User Consents
Refresh requested types: Bookmarks, Preferences, Passwords, Autofill Profiles, Autofill, Autofill Custom Data, Typed URLs, Extensions, Sessions, Extension settings, History Delete Directives, Device Info, User Consents, Send Tab To Self, Web Apps, Collection, Edge E Drop, Edge Hub App Usage, Encryption Keys}
{"logTime": "1024/025609", "correlationVector":"KX+ZFOB7uampP33bNV0dwD.1","action":"SyncServerConnectionManagerRequest", "result":"SYNC_SERVER_OK", "context":{"environment":"Prod_EastAsia_000d", "migrationStage":"NotStarted", "server":"GENERAL01000004"}}
{"logTime": "1024/025609", "correlationVector":"KX+ZFOB7uampP33bNV0dwD.2","action":"GetUpdates", "result":"DeleteReceived", "context":{"id":"c15c51d4-eafb-4bf9-97c2-08c92900a61e", "isDeleted:":"true", "version":"1698116161303"}}
{"logTime": "1024/025609", "correlationVector":"KX+ZFOB7uampP33bNV0dwD.3","action":"GetUpdates Response", "result":"SYNCER_OK", "context":Received 3 update(s). cV=KX+ZFOB7uampP33bNV0dwD.0;server=GENERAL01000004;cloudType=Consumer;environment=Prod_EastAsia_000d;migrationStage=NotStarted}
{"logTime": "1024/025609", "correlationVector":"Xq3ODZiOOFzHN7U8+k6GHZ","action":"Commit Request", "result":"", "context":Item count: 4
Contributing types: Sessions, User Consents}
{"logTime": "1024/025610", "correlationVector":"Xq3ODZiOOFzHN7U8+k6GHZ.1","action":"SyncServerConnectionManagerRequest", "result":"SYNC_SERVER_OK", "context":{"environment":"Prod_EastAsia_000d", "migrationStage":"NotStarted", "server":"GENERAL0100001G"}}
{"logTime": "1024/025610", "correlationVector":"Xq3ODZiOOFzHN7U8+k6GHZ.3","action":"Commit.Sessions", "result":"Success", "context":{"id":"46a8802c-a717-48e3-b4ff-554404b9f0b3", "isDeleted":"true", "size":"0", "version":"1698116161302"}}
{"logTime": "1024/025610", "correlationVector":"Xq3ODZiOOFzHN7U8+k6GHZ.2","action":"Commit Response", "result":"SYNCER_OK", "context":Result: SYNCER_OK. cV=Xq3ODZiOOFzHN7U8+k6GHZ.0;server=GENERAL0100001G;cloudType=Consumer;environment=Prod_EastAsia_000d;migrationStage=NotStarted}
{"logTime": "1024/025640", "correlationVector":"+sCFhcq2+RvkL5cxYec8FE","action":"Commit Request", "result":"", "context":Item count: 2
Contributing types: Sessions}
{"logTime": "1024/025641", "correlationVector":"+sCFhcq2+RvkL5cxYec8FE.1","action":"SyncServerConnectionManagerRequest", "result":"SYNC_SERVER_OK", "context":{"environment":"Prod_EastAsia_000d", "migrationStage":"NotStarted", "server":"GENERAL01000002"}}
{"logTime": "1024/025641", "correlationVector":"+sCFhcq2+RvkL5cxYec8FE.3","action":"Commit.Sessions", "result":"Success", "context":{"id":"27c06d4f-aa1d-46eb-a981-256670d4358b", "isDeleted":"true", "size":"0", "version":"1698116170197"}}
{"logTime": "1024/025641", "correlationVector":"+sCFhcq2+RvkL5cxYec8FE.2","action":"Commit Response", "result":"SYNCER_OK", "context":Result: SYNCER_OK. cV=+sCFhcq2+RvkL5cxYec8FE.0;server=GENERAL01000002;cloudType=Consumer;environment=Prod_EastAsia_000d;migrationStage=NotStarted}
{"logTime": "1024/025808", "correlationVector":"eS9xq6xMRXSF5G6WEfEK9M.0","action":"FeedSettingFetch_homeCloud", "result":"0", "context":{}}
{"logTime": "1024/025808", "correlationVector":"F1+LjsnFdWxUJoH+iP8d/L","action":"Initial GetUpdates", "result":"", "context":Reason: NEWLY_SUPPORTED_DATATYPE. cV=F1+LjsnFdWxUJoH+iP8d/L}
{"logTime": "1024/025808", "correlationVector":"F1+LjsnFdWxUJoH+iP8d/L.1","action":"SyncServerConnectionManagerRequest", "result":"SYNC_SERVER_OK", "context":{"environment":"Prod_EastAsia_000d", "migrationStage":"NotStarted", "server":"GENERAL0100000X"}}
{"logTime": "1024/025808", "correlationVector":"F1+LjsnFdWxUJoH+iP8d/L.2","action":"GetUpdates Response", "result":"SYNCER_OK", "context":Received 0 update(s). cV=F1+LjsnFdWxUJoH+iP8d/L.0;server=GENERAL0100000X;cloudType=Consumer;environment=Prod_EastAsia_000d;migrationStage=NotStarted}
{"logTime": "1024/025808", "correlationVector":"0ipFDES9Ah6V8MYq5/S6Gd","action":"Normal GetUpdate request", "result":"", "context":cV=0ipFDES9Ah6V8MYq5/S6Gd
Nudged types: User Consents
Refresh requested types: Bookmarks, Preferences, Passwords, Autofill Profiles, Autofill, Autofill Custom Data, Typed URLs, Extensions, Sessions, Extension settings, History Delete Directives, Device Info, User Consents, Send Tab To Self, Web Apps, Collection, Edge E Drop, Edge Hub App Usage, Encryption Keys}
{"logTime": "1024/025809", "correlationVector":"0ipFDES9Ah6V8MYq5/S6Gd.1","action":"SyncServerConnectionManagerRequest", "result":"SYNC_SERVER_OK", "context":{"environment":"Prod_EastAsia_000d", "migrationStage":"NotStarted", "server":"GENERAL0100001A"}}
{"logTime": "1024/025809", "correlationVector":"0ipFDES9Ah6V8MYq5/S6Gd.2","action":"GetUpdates", "result":"DeleteReceived", "context":{"id":"46a8802c-a717-48e3-b4ff-554404b9f0b3", "isDeleted:":"true", "version":"1698116170196"}}
{"logTime": "1024/025809", "correlationVector":"0ipFDES9Ah6V8MYq5/S6Gd.3","action":"GetUpdates", "result":"DeleteReceived", "context":{"id":"27c06d4f-aa1d-46eb-a981-256670d4358b", "isDeleted:":"true", "version":"1698116201225"}}
{"logTime": "1024/025809", "correlationVector":"0ipFDES9Ah6V8MYq5/S6Gd.4","action":"GetUpdates Response", "result":"SYNCER_OK", "context":Received 6 update(s). cV=0ipFDES9Ah6V8MYq5/S6Gd.0;server=GENERAL0100001A;cloudType=Consumer;environment=Prod_EastAsia_000d;migrationStage=NotStarted}
{"logTime": "1024/025809", "correlationVector":"4nsbz+/FZxDBhc8UgobI1Y","action":"Commit Request", "result":"", "context":Item count: 1
Contributing types: User Consents}
{"logTime": "1024/025810", "correlationVector":"4nsbz+/FZxDBhc8UgobI1Y.1","action":"SyncServerConnectionManagerRequest", "result":"SYNC_SERVER_OK", "context":{"environment":"Prod_EastAsia_000d", "migrationStage":"NotStarted", "server":"GENERAL01000025"}}
{"logTime": "1024/025810", "correlationVector":"4nsbz+/FZxDBhc8UgobI1Y.2","action":"Commit Response", "result":"SYNCER_OK", "context":Result: SYNCER_OK. cV=4nsbz+/FZxDBhc8UgobI1Y.0;server=GENERAL01000025;cloudType=Consumer;environment=Prod_EastAsia_000d;migrationStage=NotStarted}
{"logTime": "1024/025830", "correlationVector":"wwwZv2g48QNhcl4XmRsmWV.0","action":"FeedSettingFetch_homeCloud", "result":"0", "context":{}}
{"logTime": "1024/025830", "correlationVector":"S/A1FBpNyFauQgYBpCgq8A","action":"Initial GetUpdates", "result":"", "context":Reason: NEWLY_SUPPORTED_DATATYPE. cV=S/A1FBpNyFauQgYBpCgq8A}
{"logTime": "1024/025831", "correlationVector":"S/A1FBpNyFauQgYBpCgq8A.1","action":"SyncServerConnectionManagerRequest", "result":"SYNC_SERVER_OK", "context":{"environment":"Prod_EastAsia_000d", "migrationStage":"NotStarted", "server":"GENERAL01000025"}}
{"logTime": "1024/025831", "correlationVector":"S/A1FBpNyFauQgYBpCgq8A.2","action":"GetUpdates Response", "result":"SYNCER_OK", "context":Received 0 update(s). cV=S/A1FBpNyFauQgYBpCgq8A.0;server=GENERAL01000025;cloudType=Consumer;environment=Prod_EastAsia_000d;migrationStage=NotStarted}
{"logTime": "1024/025831", "correlationVector":"p116L/QFYjQEix31thdfjU","action":"Initial GetUpdates", "result":"", "context":Reason: NEWLY_SUPPORTED_DATATYPE. cV=p116L/QFYjQEix31thdfjU}
{"logTime": "1024/025831", "correlationVector":"p116L/QFYjQEix31thdfjU.1","action":"SyncServerConnectionManagerRequest", "result":"SYNC_SERVER_OK", "context":{"environment":"Prod_EastAsia_000d", "migrationStage":"NotStarted", "server":"GENERAL0100000X"}}
{"logTime": "1024/025831", "correlationVector":"p116L/QFYjQEix31thdfjU.2","action":"GetUpdates Response", "result":"SYNCER_OK", "context":Received 0 update(s). cV=p116L/QFYjQEix31thdfjU.0;server=GENERAL0100000X;cloudType=Consumer;environment=Prod_EastAsia_000d;migrationStage=NotStarted}
{"logTime": "1024/025831", "correlationVector":"ZUD9hnPwxTZeA04o6F9PyZ","action":"Normal GetUpdate request", "result":"", "context":cV=ZUD9hnPwxTZeA04o6F9PyZ
Nudged types: Preferences, Device Info, User Consents
Refresh requested types: Bookmarks, Preferences, Passwords, Autofill Profiles, Autofill, Autofill Custom Data, Typed URLs, Extensions, Sessions, Extension settings, History Delete Directives, Device Info, User Consents, Send Tab To Self, Web Apps, Collection, Edge E Drop, Edge Hub App Usage, Edge Wallet, Encryption Keys}
{"logTime": "1024/025831", "correlationVector":"ZUD9hnPwxTZeA04o6F9PyZ.1","action":"SyncServerConnectionManagerRequest", "result":"SYNC_SERVER_OK", "context":{"environment":"Prod_EastAsia_000d", "migrationStage":"NotStarted", "server":"GENERAL01000002"}}
{"logTime": "1024/025831", "correlationVector":"ZUD9hnPwxTZeA04o6F9PyZ.2","action":"GetUpdates Response", "result":"SYNCER_OK", "context":Received 1 update(s). cV=ZUD9hnPwxTZeA04o6F9PyZ.0;server=GENERAL01000002;cloudType=Consumer;environment=Prod_EastAsia_000d;migrationStage=NotStarted}
{"logTime": "1024/025831", "correlationVector":"tb2Msxr2a55nRvmOA0Y2vB","action":"Commit Request", "result":"", "context":Item count: 1
Contributing types: Device Info}
{"logTime": "1024/025832", "correlationVector":"tb2Msxr2a55nRvmOA0Y2vB.1","action":"SyncServerConnectionManagerRequest", "result":"SYNC_SERVER_OK", "context":{"environment":"Prod_EastAsia_000d", "migrationStage":"NotStarted", "server":"GENERAL0100000Q"}}
{"logTime": "1024/025832", "correlationVector":"tb2Msxr2a55nRvmOA0Y2vB.2","action":"Commit Response", "result":"SYNCER_OK", "context":Result: SYNCER_OK. cV=tb2Msxr2a55nRvmOA0Y2vB.0;server=GENERAL0100000Q;cloudType=Consumer;environment=Prod_EastAsia_000d;migrationStage=NotStarted}
{"logTime": "1024/025832", "correlationVector":"U3YPZt9j2GKpyZ+MAeFtt8","action":"Commit Request", "result":"", "context":Item count: 2
Contributing types: Preferences, User Consents}
{"logTime": "1024/025833", "correlationVector":"U3YPZt9j2GKpyZ+MAeFtt8.1","action":"SyncServerConnectionManagerRequest", "result":"SYNC_SERVER_OK", "context":{"environment":"Prod_EastAsia_000d", "migrationStage":"NotStarted", "server":"GENERAL0100001J"}}
{"logTime": "1024/025833", "correlationVector":"U3YPZt9j2GKpyZ+MAeFtt8.2","action":"Commit Response", "result":"SYNCER_OK", "context":Result: SYNCER_OK. cV=U3YPZt9j2GKpyZ+MAeFtt8.0;server=GENERAL0100001J;cloudType=Consumer;environment=Prod_EastAsia_000d;migrationStage=NotStarted}
{"logTime": "1024/025837", "correlationVector":"1cr4C5nEzqC4eybXbL7/iR.0","action":"FeedSettingFetch_homeCloud", "result":"0", "context":{}}
{"logTime": "1024/025837", "correlationVector":"I5m5vXUWSuTXVTov2+CXab","action":"History lookup request", "result":""}
{"logTime": "1024/025837", "correlationVector":"I5m5vXUWSuTXVTov2+CXab.0","action":"History lookup response", "result":"200", "context":{"server":"GENERAL01000027"}}
{"logTime": "1024/025848", "correlationVector":"RFxpHsrxJkyPw2AoeKTRPm","action":"History lookup request", "result":""}
{"logTime": "1024/025848", "correlationVector":"RFxpHsrxJkyPw2AoeKTRPm.0","action":"History lookup response", "result":"200", "context":{"server":"GENERAL0100000Y"}}
{"logTime": "1024/025901", "correlationVector":"cllApiscujL0b/0DnWVfte","action":"Normal GetUpdate request", "result":"", "context":cV=cllApiscujL0b/0DnWVfte
Notified types: Device Info}
{"logTime": "1024/025902", "correlationVector":"cllApiscujL0b/0DnWVfte.1","action":"SyncServerConnectionManagerRequest", "result":"SYNC_SERVER_OK", "context":{"environment":"Prod_EastAsia_000d", "migrationStage":"NotStarted", "server":"GENERAL01000013"}}
{"logTime": "1024/025902", "correlationVector":"cllApiscujL0b/0DnWVfte.2","action":"GetUpdates", "result":"DeleteReceived", "context":{"id":"132494c3-e787-4d94-99d0-0aa17a73105b", "isDeleted:":"true", "version":"1698116341540"}}
{"logTime": "1024/025902", "correlationVector":"cllApiscujL0b/0DnWVfte.3","action":"GetUpdates", "result":"DeleteReceived", "context":{"id":"9684a31b-1988-48e9-ad02-187ff4d81f78", "isDeleted:":"true", "version":"1698116341541"}}
{"logTime": "1024/025902", "correlationVector":"cllApiscujL0b/0DnWVfte.4","action":"GetUpdates", "result":"DeleteReceived", "context":{"id":"c160527a-c1ba-4c77-a3bc-2d8a27e99058", "isDeleted:":"true", "version":"1698116341543"}}
{"logTime": "1024/025902", "correlationVector":"cllApiscujL0b/0DnWVfte.5","action":"GetUpdates", "result":"DeleteReceived", "context":{"id":"d603c321-e2cf-417a-88d1-1de5cae6ac95", "isDeleted:":"true", "version":"1698116341544"}}
{"logTime": "1024/025902", "correlationVector":"cllApiscujL0b/0DnWVfte.6","action":"GetUpdates", "result":"DeleteReceived", "context":{"id":"441e70e7-dea9-47ae-8a9f-87dc5a2c2950", "isDeleted:":"true", "version":"1698116341545"}}
{"logTime": "1024/025902", "correlationVector":"cllApiscujL0b/0DnWVfte.7","action":"GetUpdates", "result":"DeleteReceived", "context":{"id":"01cff9b7-3476-4a35-8b2c-30b9920e7352", "isDeleted:":"true", "version":"1698116341546"}}
{"logTime": "1024/025902", "correlationVector":"cllApiscujL0b/0DnWVfte.8","action":"GetUpdates", "result":"DeleteReceived", "context":{"id":"8358bced-0b43-47c0-b34b-b748340b3bbc", "isDeleted:":"true", "version":"1698116341547"}}
{"logTime": "1024/025902", "correlationVector":"cllApiscujL0b/0DnWVfte.9","action":"GetUpdates Response", "result":"SYNCER_OK", "context":Received 13 update(s). cV=cllApiscujL0b/0DnWVfte.0;server=GENERAL01000013;cloudType=Consumer;environment=Prod_EastAsia_000d;migrationStage=NotStarted}
{"logTime": "1024/025906", "correlationVector":"DRUDZPSXdzQSzS8OJ9dw0p","action":"Normal GetUpdate request", "result":"", "context":cV=DRUDZPSXdzQSzS8OJ9dw0p
Notified types: Preferences}
{"logTime": "1024/025907", "correlationVector":"DRUDZPSXdzQSzS8OJ9dw0p.1","action":"SyncServerConnectionManagerRequest", "result":"SYNC_SERVER_OK", "context":{"environment":"Prod_EastAsia_000d", "migrationStage":"NotStarted", "server":"GENERAL01000027"}}
{"logTime": "1024/025907", "correlationVector":"DRUDZPSXdzQSzS8OJ9dw0p.2","action":"GetUpdates", "result":"DeleteReceived", "context":{"id":"21136ecb-f73d-4a96-9f67-0560aa284af0", "isDeleted:":"true", "version":"1698116341551"}}
{"logTime": "1024/025907", "correlationVector":"DRUDZPSXdzQSzS8OJ9dw0p.3","action":"GetUpdates", "result":"DeleteReceived", "context":{"id":"ba79dc11-d934-494b-84d7-4d6897386e96", "isDeleted:":"true", "version":"1698116341554"}}
{"logTime": "1024/025907", "correlationVector":"DRUDZPSXdzQSzS8OJ9dw0p.4","action":"GetUpdates", "result":"DeleteReceived", "context":{"id":"84bd687c-939f-463f-8236-23d8c45cdcfc", "isDeleted:":"true", "version":"1698116341555"}}
{"logTime": "1024/025907", "correlationVector":"DRUDZPSXdzQSzS8OJ9dw0p.5","action":"GetUpdates", "result":"DeleteReceived", "context":{"id":"9f5432bf-dee5-42cb-8626-03efda2bceff", "isDeleted:":"true", "version":"1698116341556"}}
{"logTime": "1024/025907", "correlationVector":"DRUDZPSXdzQSzS8OJ9dw0p.6","action":"GetUpdates", "result":"DeleteReceived", "context":{"id":"72616a34-3696-4dbf-b2e7-4a8fcc7bb373", "isDeleted:":"true", "version":"1698116342941"}}
{"logTime": "1024/025907", "correlationVector":"DRUDZPSXdzQSzS8OJ9dw0p.7","action":"GetUpdates", "result":"DeleteReceived", "context":{"id":"6cf72269-8590-4852-99bb-9c91a9beb0b1", "isDeleted:":"true", "version":"1698116342942"}}
{"logTime": "1024/025907", "correlationVector":"DRUDZPSXdzQSzS8OJ9dw0p.8","action":"GetUpdates", "result":"DeleteReceived", "context":{"id":"c2ee01d4-c54f-4531-9c0b-ad4daa0cb222", "isDeleted:":"true", "version":"1698116342943"}}
{"logTime": "1024/025907", "correlationVector":"DRUDZPSXdzQSzS8OJ9dw0p.9","action":"GetUpdates", "result":"DeleteReceived", "context":{"id":"04a61d4d-31c2-4dc1-97c1-78e7563e4e30", "isDeleted:":"true", "version":"1698116342944"}}
{"logTime": "1024/025907", "correlationVector":"DRUDZPSXdzQSzS8OJ9dw0p.10","action":"GetUpdates", "result":"DeleteReceived", "context":{"id":"31d1926d-23b7-4622-831e-10978cacb154", "isDeleted:":"true", "version":"1698116342946"}}
{"logTime": "1024/025907", "correlationVector":"DRUDZPSXdzQSzS8OJ9dw0p.11","action":"GetUpdates", "result":"DeleteReceived", "context":{"id":"cc052909-d34b-4470-adaf-006f4c999ba7", "isDeleted:":"true", "version":"1698116342947"}}
{"logTime": "1024/025907", "correlationVector":"DRUDZPSXdzQSzS8OJ9dw0p.12","action":"GetUpdates", "result":"DeleteReceived", "context":{"id":"38dc5526-fa33-433b-8c9b-c908e3322b23", "isDeleted:":"true", "version":"1698116342948"}}
{"logTime": "1024/025907", "correlationVector":"DRUDZPSXdzQSzS8OJ9dw0p.13","action":"GetUpdates", "result":"DeleteReceived", "context":{"id":"8090af15-29c7-4ef2-a6be-4efa0cc6b438", "isDeleted:":"true", "version":"1698116342950"}}
{"logTime": "1024/025907", "correlationVector":"DRUDZPSXdzQSzS8OJ9dw0p.14","action":"GetUpdates", "result":"DeleteReceived", "context":{"id":"67fd4152-089a-4dee-9add-cf7c6e73416b", "isDeleted:":"true", "version":"1698116342953"}}
{"logTime": "1024/025907", "correlationVector":"DRUDZPSXdzQSzS8OJ9dw0p.15","action":"GetUpdates", "result":"DeleteReceived", "context":{"id":"6fa2b7c4-a905-45a0-8a92-45de75430989", "isDeleted:":"true", "version":"1698116342954"}}
{"logTime": "1024/025907", "correlationVector":"DRUDZPSXdzQSzS8OJ9dw0p.16","action":"GetUpdates", "result":"DeleteReceived", "context":{"id":"c4184712-3d03-4cf0-a3b9-0c609f2062bb", "isDeleted:":"true", "version":"1698116342955"}}
{"logTime": "1024/025907", "correlationVector":"DRUDZPSXdzQSzS8OJ9dw0p.17","action":"GetUpdates", "result":"DeleteReceived", "context":{"id":"e3689521-4ea1-4eac-aa76-698ea882fef2", "isDeleted:":"true", "version":"1698116342956"}}
{"logTime": "1024/025907", "correlationVector":"DRUDZPSXdzQSzS8OJ9dw0p.18","action":"GetUpdates", "result":"DeleteReceived", "context":{"id":"53f856e9-ed23-4185-b243-9e300d40dacb", "isDeleted:":"true", "version":"1698116342957"}}
{"logTime": "1024/025907", "correlationVector":"DRUDZPSXdzQSzS8OJ9dw0p.19","action":"GetUpdates", "result":"DeleteReceived", "context":{"id":"0c03b830-a140-41d7-ac75-df778f485761", "isDeleted:":"true", "version":"1698116342958"}}
{"logTime": "1024/025907", "correlationVector":"DRUDZPSXdzQSzS8OJ9dw0p.20","action":"GetUpdates", "result":"DeleteReceived", "context":{"id":"290f0c20-157e-4c80-aab6-2b32131a4550", "isDeleted:":"true", "version":"1698116344965"}}
{"logTime": "1024/025907", "correlationVector":"DRUDZPSXdzQSzS8OJ9dw0p.21","action":"GetUpdates", "result":"DeleteReceived", "context":{"id":"5883034f-1b21-4e25-b589-831db7692698", "isDeleted:":"true", "version":"1698116344966"}}
{"logTime": "1024/025907", "correlationVector":"DRUDZPSXdzQSzS8OJ9dw0p.22","action":"GetUpdates", "result":"DeleteReceived", "context":{"id":"a93a04d1-4465-4e0d-b12a-f0d6620562fe", "isDeleted:":"true", "version":"1698116346405"}}
{"logTime": "1024/025907", "correlationVector":"DRUDZPSXdzQSzS8OJ9dw0p.23","action":"GetUpdates Response", "result":"SYNCER_OK", "context":Received 51 update(s). cV=DRUDZPSXdzQSzS8OJ9dw0p.0;server=GENERAL01000027;cloudType=Consumer;environment=Prod_EastAsia_000d;migrationStage=NotStarted}
